{"uid":"68052ec2a91a3eb1","name":"User should be able to run build  with step","fullName":"com.example.teamcity.api.BuildTypeTest.userCreatesAndRunBuildTypeWithStepTest","historyId":"9cfb9da5494555fca8659724c83fd6ed","time":{"start":1744279550705,"stop":1744279567435,"duration":16730},"status":"broken","statusMessage":"Condition with Lambda expression in com.example.teamcity.api.BuildTypeTest was not fulfilled within 15 seconds.","statusTrace":"org.awaitility.core.ConditionTimeoutException: Condition with Lambda expression in com.example.teamcity.api.BuildTypeTest was not fulfilled within 15 seconds.\n\tat org.awaitility.core.ConditionAwaiter.await(ConditionAwaiter.java:167)\n\tat org.awaitility.core.CallableCondition.await(CallableCondition.java:78)\n\tat org.awaitility.core.CallableCondition.await(CallableCondition.java:26)\n\tat org.awaitility.core.ConditionFactory.until(ConditionFactory.java:1160)\n\tat org.awaitility.core.ConditionFactory.until(ConditionFactory.java:1129)\n\tat com.example.teamcity.api.BuildTypeTest.waitUntilBuildIsFinished(BuildTypeTest.java:175)\n\tat com.example.teamcity.api.BuildTypeTest.userCreatesAndRunBuildTypeWithStepTest(BuildTypeTest.java:162)\n\tat java.base/jdk.internal.reflect.NativeMethodAccessorImpl.invoke0(Native Method)\n\tat java.base/jdk.internal.reflect.NativeMethodAccessorImpl.invoke(NativeMethodAccessorImpl.java:77)\n\tat java.base/jdk.internal.reflect.DelegatingMethodAccessorImpl.invoke(DelegatingMethodAccessorImpl.java:43)\n\tat java.base/java.lang.reflect.Method.invoke(Method.java:569)\n\tat org.testng.internal.invokers.MethodInvocationHelper.invokeMethod(MethodInvocationHelper.java:141)\n\tat org.testng.internal.invokers.TestInvoker.invokeMethod(TestInvoker.java:686)\n\tat org.testng.internal.invokers.TestInvoker.invokeTestMethod(TestInvoker.java:230)\n\tat org.testng.internal.invokers.MethodRunner.runInSequence(MethodRunner.java:63)\n\tat org.testng.internal.invokers.TestInvoker$MethodInvocationAgent.invoke(TestInvoker.java:992)\n\tat org.testng.internal.invokers.TestInvoker.invokeTestMethods(TestInvoker.java:203)\n\tat org.testng.internal.invokers.TestMethodWorker.invokeTestMethods(TestMethodWorker.java:154)\n\tat org.testng.internal.invokers.TestMethodWorker.run(TestMethodWorker.java:134)\n\tat java.base/java.util.ArrayList.forEach(ArrayList.java:1511)\n\tat org.testng.TestRunner.privateRun(TestRunner.java:739)\n\tat org.testng.TestRunner.run(TestRunner.java:614)\n\tat org.testng.SuiteRunner.runTest(SuiteRunner.java:421)\n\tat org.testng.SuiteRunner.runSequentially(SuiteRunner.java:413)\n\tat org.testng.SuiteRunner.privateRun(SuiteRunner.java:373)\n\tat org.testng.SuiteRunner.run(SuiteRunner.java:312)\n\tat org.testng.SuiteRunnerWorker.runSuite(SuiteRunnerWorker.java:52)\n\tat org.testng.SuiteRunnerWorker.run(SuiteRunnerWorker.java:95)\n\tat org.testng.TestNG.runSuitesSequentially(TestNG.java:1274)\n\tat org.testng.TestNG.runSuitesLocally(TestNG.java:1208)\n\tat org.testng.TestNG.runSuites(TestNG.java:1112)\n\tat org.testng.TestNG.run(TestNG.java:1079)\n\tat org.apache.maven.surefire.testng.TestNGExecutor.run(TestNGExecutor.java:155)\n\tat org.apache.maven.surefire.testng.TestNGDirectoryTestSuite.executeMulti(TestNGDirectoryTestSuite.java:169)\n\tat org.apache.maven.surefire.testng.TestNGDirectoryTestSuite.execute(TestNGDirectoryTestSuite.java:88)\n\tat org.apache.maven.surefire.testng.TestNGProvider.invoke(TestNGProvider.java:137)\n\tat org.apache.maven.surefire.booter.ForkedBooter.runSuitesInProcess(ForkedBooter.java:385)\n\tat org.apache.maven.surefire.booter.ForkedBooter.execute(ForkedBooter.java:162)\n\tat org.apache.maven.surefire.booter.ForkedBooter.run(ForkedBooter.java:507)\n\tat org.apache.maven.surefire.booter.ForkedBooter.main(ForkedBooter.java:495)\n","flaky":false,"newFailed":false,"newBroken":false,"newPassed":false,"retriesCount":0,"retriesStatusChange":false,"beforeStages":[{"name":"beforeTest","time":{"start":1744279550700,"stop":1744279550700,"duration":0},"description":"","status":"passed","steps":[],"attachments":[],"parameters":[],"shouldDisplayMessage":false,"stepsCount":0,"attachmentsCount":0,"hasContent":false}],"testStage":{"status":"broken","statusMessage":"Condition with Lambda expression in com.example.teamcity.api.BuildTypeTest was not fulfilled within 15 seconds.","statusTrace":"org.awaitility.core.ConditionTimeoutException: Condition with Lambda expression in com.example.teamcity.api.BuildTypeTest was not fulfilled within 15 seconds.\n\tat org.awaitility.core.ConditionAwaiter.await(ConditionAwaiter.java:167)\n\tat org.awaitility.core.CallableCondition.await(CallableCondition.java:78)\n\tat org.awaitility.core.CallableCondition.await(CallableCondition.java:26)\n\tat org.awaitility.core.ConditionFactory.until(ConditionFactory.java:1160)\n\tat org.awaitility.core.ConditionFactory.until(ConditionFactory.java:1129)\n\tat com.example.teamcity.api.BuildTypeTest.waitUntilBuildIsFinished(BuildTypeTest.java:175)\n\tat com.example.teamcity.api.BuildTypeTest.userCreatesAndRunBuildTypeWithStepTest(BuildTypeTest.java:162)\n\tat java.base/jdk.internal.reflect.NativeMethodAccessorImpl.invoke0(Native Method)\n\tat java.base/jdk.internal.reflect.NativeMethodAccessorImpl.invoke(NativeMethodAccessorImpl.java:77)\n\tat java.base/jdk.internal.reflect.DelegatingMethodAccessorImpl.invoke(DelegatingMethodAccessorImpl.java:43)\n\tat java.base/java.lang.reflect.Method.invoke(Method.java:569)\n\tat org.testng.internal.invokers.MethodInvocationHelper.invokeMethod(MethodInvocationHelper.java:141)\n\tat org.testng.internal.invokers.TestInvoker.invokeMethod(TestInvoker.java:686)\n\tat org.testng.internal.invokers.TestInvoker.invokeTestMethod(TestInvoker.java:230)\n\tat org.testng.internal.invokers.MethodRunner.runInSequence(MethodRunner.java:63)\n\tat org.testng.internal.invokers.TestInvoker$MethodInvocationAgent.invoke(TestInvoker.java:992)\n\tat org.testng.internal.invokers.TestInvoker.invokeTestMethods(TestInvoker.java:203)\n\tat org.testng.internal.invokers.TestMethodWorker.invokeTestMethods(TestMethodWorker.java:154)\n\tat org.testng.internal.invokers.TestMethodWorker.run(TestMethodWorker.java:134)\n\tat java.base/java.util.ArrayList.forEach(ArrayList.java:1511)\n\tat org.testng.TestRunner.privateRun(TestRunner.java:739)\n\tat org.testng.TestRunner.run(TestRunner.java:614)\n\tat org.testng.SuiteRunner.runTest(SuiteRunner.java:421)\n\tat org.testng.SuiteRunner.runSequentially(SuiteRunner.java:413)\n\tat org.testng.SuiteRunner.privateRun(SuiteRunner.java:373)\n\tat org.testng.SuiteRunner.run(SuiteRunner.java:312)\n\tat org.testng.SuiteRunnerWorker.runSuite(SuiteRunnerWorker.java:52)\n\tat org.testng.SuiteRunnerWorker.run(SuiteRunnerWorker.java:95)\n\tat org.testng.TestNG.runSuitesSequentially(TestNG.java:1274)\n\tat org.testng.TestNG.runSuitesLocally(TestNG.java:1208)\n\tat org.testng.TestNG.runSuites(TestNG.java:1112)\n\tat org.testng.TestNG.run(TestNG.java:1079)\n\tat org.apache.maven.surefire.testng.TestNGExecutor.run(TestNGExecutor.java:155)\n\tat org.apache.maven.surefire.testng.TestNGDirectoryTestSuite.executeMulti(TestNGDirectoryTestSuite.java:169)\n\tat org.apache.maven.surefire.testng.TestNGDirectoryTestSuite.execute(TestNGDirectoryTestSuite.java:88)\n\tat org.apache.maven.surefire.testng.TestNGProvider.invoke(TestNGProvider.java:137)\n\tat org.apache.maven.surefire.booter.ForkedBooter.runSuitesInProcess(ForkedBooter.java:385)\n\tat org.apache.maven.surefire.booter.ForkedBooter.execute(ForkedBooter.java:162)\n\tat org.apache.maven.surefire.booter.ForkedBooter.run(ForkedBooter.java:507)\n\tat org.apache.maven.surefire.booter.ForkedBooter.main(ForkedBooter.java:495)\n","steps":[{"name":"Create project","time":{"start":1744279550705,"stop":1744279550775,"duration":70},"status":"passed","steps":[{"name":"Отправка запроса на создание сущности","time":{"start":1744279550705,"stop":1744279550768,"duration":63},"status":"passed","steps":[],"attachments":[{"uid":"453b2c5f17468ef5","name":"Request","source":"453b2c5f17468ef5.html","type":"text/html","size":1357},{"uid":"c52c10ffa46e0ca6","name":"HTTP/1.1 200 ","source":"c52c10ffa46e0ca6.html","type":"text/html","size":2124}],"parameters":[{"name":"model","value":"User(id=null, username=test_qhMbKQxwbE, password=test_woQDCTfJde, roles=Roles(role=[Role(roleId=SYSTEM_ADMIN, scope=g)]))"}],"shouldDisplayMessage":false,"stepsCount":0,"attachmentsCount":2,"hasContent":true}],"attachments":[],"parameters":[],"shouldDisplayMessage":false,"stepsCount":1,"attachmentsCount":2,"hasContent":true},{"name":"Create project","time":{"start":1744279550775,"stop":1744279550829,"duration":54},"status":"passed","steps":[{"name":"Отправка запроса на создание сущности","time":{"start":1744279550775,"stop":1744279550824,"duration":49},"status":"passed","steps":[],"attachments":[{"uid":"ce61f325901dc578","name":"Request","source":"ce61f325901dc578.html","type":"text/html","size":935},{"uid":"82ead5e113d8d974","name":"HTTP/1.1 200 ","source":"82ead5e113d8d974.html","type":"text/html","size":2270}],"parameters":[{"name":"model","value":"Project(id=test_mGfFPFHfwy, name=test_znuFUsxPXS, locator=null)"}],"shouldDisplayMessage":false,"stepsCount":0,"attachmentsCount":2,"hasContent":true}],"attachments":[],"parameters":[],"shouldDisplayMessage":false,"stepsCount":1,"attachmentsCount":2,"hasContent":true},{"name":"Create build with step CommandLine","time":{"start":1744279550830,"stop":1744279550958,"duration":128},"status":"passed","steps":[{"name":"Отправка запроса на создание сущности","time":{"start":1744279550831,"stop":1744279550951,"duration":120},"status":"passed","steps":[],"attachments":[{"uid":"b211245c72c5322e","name":"Request","source":"b211245c72c5322e.html","type":"text/html","size":2737},{"uid":"7d26d76a12e9790b","name":"HTTP/1.1 200 ","source":"7d26d76a12e9790b.html","type":"text/html","size":3819}],"parameters":[{"name":"model","value":"BuildType(id=test_IxoIFMkLbN, name=test_MpZfonViYd, project=Project(id=test_mGfFPFHfwy, name=test_znuFUsxPXS, locator=null), steps=Steps(step=[Step(name=test_QuGGdOHEFa, type=simpleRunner, properties=Properties(property=[Property(name=script.content, value=echo 'Hello World!'), Property(name=use.custom.script, value=true)]))]))"}],"shouldDisplayMessage":false,"stepsCount":0,"attachmentsCount":2,"hasContent":true}],"attachments":[],"parameters":[],"shouldDisplayMessage":false,"stepsCount":1,"attachmentsCount":2,"hasContent":true},{"name":"Отправка запроса на создание сущности","time":{"start":1744279550960,"stop":1744279551884,"duration":924},"status":"passed","steps":[],"attachments":[{"uid":"4663a520ac4832a6","name":"Request","source":"4663a520ac4832a6.html","type":"text/html","size":3133},{"uid":"48a837d8b68fd17d","name":"HTTP/1.1 200 ","source":"48a837d8b68fd17d.html","type":"text/html","size":2288}],"parameters":[{"name":"model","value":"Build(id=null, buildType=BuildType(id=test_IxoIFMkLbN, name=test_MpZfonViYd, project=Project(id=test_mGfFPFHfwy, name=test_znuFUsxPXS, locator=null), steps=Steps(step=[Step(name=test_QuGGdOHEFa, type=simpleRunner, properties=Properties(property=[Property(name=script.content, value=echo 'Hello World!'), Property(name=use.custom.script, value=true)]))])), state=null, status=null)"}],"shouldDisplayMessage":false,"stepsCount":0,"attachmentsCount":2,"hasContent":true},{"name":"Wait until build is finished","time":{"start":1744279551893,"stop":1744279567433,"duration":15540},"status":"broken","statusMessage":"Condition with Lambda expression in com.example.teamcity.api.BuildTypeTest was not fulfilled within 15 seconds.","statusTrace":"org.awaitility.core.ConditionTimeoutException: Condition with Lambda expression in com.example.teamcity.api.BuildTypeTest was not fulfilled within 15 seconds.\n\tat org.awaitility.core.ConditionAwaiter.await(ConditionAwaiter.java:167)\n\tat org.awaitility.core.CallableCondition.await(CallableCondition.java:78)\n\tat org.awaitility.core.CallableCondition.await(CallableCondition.java:26)\n\tat org.awaitility.core.ConditionFactory.until(ConditionFactory.java:1160)\n\tat org.awaitility.core.ConditionFactory.until(ConditionFactory.java:1129)\n\tat com.example.teamcity.api.BuildTypeTest.waitUntilBuildIsFinished(BuildTypeTest.java:175)\n\tat com.example.teamcity.api.BuildTypeTest.userCreatesAndRunBuildTypeWithStepTest(BuildTypeTest.java:162)\n\tat java.base/jdk.internal.reflect.NativeMethodAccessorImpl.invoke0(Native Method)\n\tat java.base/jdk.internal.reflect.NativeMethodAccessorImpl.invoke(NativeMethodAccessorImpl.java:77)\n\tat java.base/jdk.internal.reflect.DelegatingMethodAccessorImpl.invoke(DelegatingMethodAccessorImpl.java:43)\n\tat java.base/java.lang.reflect.Method.invoke(Method.java:569)\n\tat org.testng.internal.invokers.MethodInvocationHelper.invokeMethod(MethodInvocationHelper.java:141)\n\tat org.testng.internal.invokers.TestInvoker.invokeMethod(TestInvoker.java:686)\n\tat org.testng.internal.invokers.TestInvoker.invokeTestMethod(TestInvoker.java:230)\n\tat org.testng.internal.invokers.MethodRunner.runInSequence(MethodRunner.java:63)\n\tat org.testng.internal.invokers.TestInvoker$MethodInvocationAgent.invoke(TestInvoker.java:992)\n\tat org.testng.internal.invokers.TestInvoker.invokeTestMethods(TestInvoker.java:203)\n\tat org.testng.internal.invokers.TestMethodWorker.invokeTestMethods(TestMethodWorker.java:154)\n\tat org.testng.internal.invokers.TestMethodWorker.run(TestMethodWorker.java:134)\n\tat java.base/java.util.ArrayList.forEach(ArrayList.java:1511)\n\tat org.testng.TestRunner.privateRun(TestRunner.java:739)\n\tat org.testng.TestRunner.run(TestRunner.java:614)\n\tat org.testng.SuiteRunner.runTest(SuiteRunner.java:421)\n\tat org.testng.SuiteRunner.runSequentially(SuiteRunner.java:413)\n\tat org.testng.SuiteRunner.privateRun(SuiteRunner.java:373)\n\tat org.testng.SuiteRunner.run(SuiteRunner.java:312)\n\tat org.testng.SuiteRunnerWorker.runSuite(SuiteRunnerWorker.java:52)\n\tat org.testng.SuiteRunnerWorker.run(SuiteRunnerWorker.java:95)\n\tat org.testng.TestNG.runSuitesSequentially(TestNG.java:1274)\n\tat org.testng.TestNG.runSuitesLocally(TestNG.java:1208)\n\tat org.testng.TestNG.runSuites(TestNG.java:1112)\n\tat org.testng.TestNG.run(TestNG.java:1079)\n\tat org.apache.maven.surefire.testng.TestNGExecutor.run(TestNGExecutor.java:155)\n\tat org.apache.maven.surefire.testng.TestNGDirectoryTestSuite.executeMulti(TestNGDirectoryTestSuite.java:169)\n\tat org.apache.maven.surefire.testng.TestNGDirectoryTestSuite.execute(TestNGDirectoryTestSuite.java:88)\n\tat org.apache.maven.surefire.testng.TestNGProvider.invoke(TestNGProvider.java:137)\n\tat org.apache.maven.surefire.booter.ForkedBooter.runSuitesInProcess(ForkedBooter.java:385)\n\tat org.apache.maven.surefire.booter.ForkedBooter.execute(ForkedBooter.java:162)\n\tat org.apache.maven.surefire.booter.ForkedBooter.run(ForkedBooter.java:507)\n\tat org.apache.maven.surefire.booter.ForkedBooter.main(ForkedBooter.java:495)\n","steps":[{"name":"Отправка запроса на получение данных о сущности","time":{"start":1744279554925,"stop":1744279555040,"duration":115},"status":"passed","steps":[],"attachments":[{"uid":"c9c41be36e69abb5","name":"Request","source":"c9c41be36e69abb5.html","type":"text/html","size":518},{"uid":"c62f2ababa0bec46","name":"HTTP/1.1 200 ","source":"c62f2ababa0bec46.html","type":"text/html","size":2311}],"parameters":[{"name":"locator","value":"/id:1"}],"shouldDisplayMessage":false,"stepsCount":0,"attachmentsCount":2,"hasContent":true},{"name":"Отправка запроса на получение данных о сущности","time":{"start":1744279558055,"stop":1744279558179,"duration":124},"status":"passed","steps":[],"attachments":[{"uid":"b0c56c7c9befa24c","name":"Request","source":"b0c56c7c9befa24c.html","type":"text/html","size":518},{"uid":"ace77901b8352c01","name":"HTTP/1.1 200 ","source":"ace77901b8352c01.html","type":"text/html","size":2311}],"parameters":[{"name":"locator","value":"/id:1"}],"shouldDisplayMessage":false,"stepsCount":0,"attachmentsCount":2,"hasContent":true},{"name":"Отправка запроса на получение данных о сущности","time":{"start":1744279561192,"stop":1744279561315,"duration":123},"status":"passed","steps":[],"attachments":[{"uid":"ff99dd40f2691e2a","name":"Request","source":"ff99dd40f2691e2a.html","type":"text/html","size":518},{"uid":"5e082167a1984f41","name":"HTTP/1.1 200 ","source":"5e082167a1984f41.html","type":"text/html","size":2311}],"parameters":[{"name":"locator","value":"/id:1"}],"shouldDisplayMessage":false,"stepsCount":0,"attachmentsCount":2,"hasContent":true},{"name":"Отправка запроса на получение данных о сущности","time":{"start":1744279564330,"stop":1744279564418,"duration":88},"status":"passed","steps":[],"attachments":[{"uid":"11efd1ac6b3695ab","name":"Request","source":"11efd1ac6b3695ab.html","type":"text/html","size":518},{"uid":"d2778e537dd68388","name":"HTTP/1.1 200 ","source":"d2778e537dd68388.html","type":"text/html","size":2311}],"parameters":[{"name":"locator","value":"/id:1"}],"shouldDisplayMessage":false,"stepsCount":0,"attachmentsCount":2,"hasContent":true}],"attachments":[],"parameters":[{"name":"build","value":"Build(id=1, buildType=BuildType(id=test_IxoIFMkLbN, name=test_MpZfonViYd, project=null, steps=null), state=queued, status=null)"}],"shouldDisplayMessage":true,"stepsCount":4,"attachmentsCount":8,"hasContent":true}],"attachments":[],"parameters":[],"shouldDisplayMessage":false,"stepsCount":12,"attachmentsCount":16,"hasContent":true},"afterStages":[{"name":"afterTest","time":{"start":1744279567443,"stop":1744279567656,"duration":213},"description":"","status":"passed","steps":[{"name":"Отправка запроса на удаление  сущности","time":{"start":1744279567444,"stop":1744279567509,"duration":65},"status":"passed","steps":[],"attachments":[{"uid":"35fdb3bd8b8b7649","name":"Request","source":"35fdb3bd8b8b7649.html","type":"text/html","size":610},{"uid":"356f7910bbd6e94c","name":"HTTP/1.1 204 ","source":"356f7910bbd6e94c.html","type":"text/html","size":478}],"parameters":[{"name":"locator","value":"test_IxoIFMkLbN"}],"shouldDisplayMessage":false,"stepsCount":0,"attachmentsCount":2,"hasContent":true},{"name":"Отправка запроса на удаление  сущности","time":{"start":1744279567512,"stop":1744279567540,"duration":28},"status":"passed","steps":[],"attachments":[{"uid":"db52950cde5abacf","name":"Request","source":"db52950cde5abacf.html","type":"text/html","size":582},{"uid":"da9a7f2befcf06d","name":"HTTP/1.1 404 ","source":"da9a7f2befcf06d.html","type":"text/html","size":858}],"parameters":[{"name":"locator","value":"1"}],"shouldDisplayMessage":false,"stepsCount":0,"attachmentsCount":2,"hasContent":true},{"name":"Отправка запроса на удаление  сущности","time":{"start":1744279567541,"stop":1744279567605,"duration":64},"status":"passed","steps":[],"attachments":[{"uid":"7787c2ac385a6357","name":"Request","source":"7787c2ac385a6357.html","type":"text/html","size":572},{"uid":"6715f87807db1292","name":"HTTP/1.1 404 ","source":"6715f87807db1292.html","type":"text/html","size":823}],"parameters":[{"name":"locator","value":"4"}],"shouldDisplayMessage":false,"stepsCount":0,"attachmentsCount":2,"hasContent":true},{"name":"Отправка запроса на удаление  сущности","time":{"start":1744279567606,"stop":1744279567656,"duration":50},"status":"passed","steps":[],"attachments":[{"uid":"ed647ef0e0e1e085","name":"Request","source":"ed647ef0e0e1e085.html","type":"text/html","size":606},{"uid":"7919131a2a73d64f","name":"HTTP/1.1 204 ","source":"7919131a2a73d64f.html","type":"text/html","size":478}],"parameters":[{"name":"locator","value":"test_mGfFPFHfwy"}],"shouldDisplayMessage":false,"stepsCount":0,"attachmentsCount":2,"hasContent":true}],"attachments":[],"parameters":[],"shouldDisplayMessage":false,"stepsCount":4,"attachmentsCount":8,"hasContent":true}],"labels":[{"name":"package","value":"com.example.teamcity.api.BuildTypeTest"},{"name":"testClass","value":"com.example.teamcity.api.BuildTypeTest"},{"name":"testMethod","value":"userCreatesAndRunBuildTypeWithStepTest"},{"name":"parentSuite","value":"Surefire suite"},{"name":"suite","value":"Surefire test"},{"name":"subSuite","value":"com.example.teamcity.api.BuildTypeTest"},{"name":"host","value":"fv-az1280-78"},{"name":"thread","value":"5294@fv-az1280-78.main(1)"},{"name":"framework","value":"testng"},{"name":"language","value":"java"},{"name":"resultFormat","value":"allure2"}],"parameters":[],"links":[],"hidden":false,"retry":false,"extra":{"severity":"normal","retries":[],"categories":[{"name":"Test defects","matchedStatuses":[],"flaky":false}],"history":{"statistic":{"failed":0,"broken":4,"skipped":0,"passed":0,"unknown":1,"total":5},"items":[{"uid":"98a40c1a3bf6399a","reportUrl":"https://Starford-newchapter.github.io/teamcity-testing-framework/api/46//#testresult/98a40c1a3bf6399a","status":"unknown","time":{"start":1744215254519,"stop":1744215254520,"duration":1}},{"uid":"c93466b4d448df5e","reportUrl":"https://Starford-newchapter.github.io/teamcity-testing-framework/api/45//#testresult/c93466b4d448df5e","status":"broken","statusDetails":"Condition with Lambda expression in com.example.teamcity.api.BuildTypeTest was not fulfilled within 15 seconds.","time":{"start":1744214490850,"stop":1744214507942,"duration":17092}},{"uid":"31b4740e40ac838b","reportUrl":"https://Starford-newchapter.github.io/teamcity-testing-framework/api/44//#testresult/31b4740e40ac838b","status":"broken","statusDetails":"Condition with Lambda expression in com.example.teamcity.api.BuildTypeTest was not fulfilled within 15 seconds.","time":{"start":1744137643562,"stop":1744137660704,"duration":17142}},{"uid":"162eed9367332a87","reportUrl":"https://Starford-newchapter.github.io/teamcity-testing-framework/api/43//#testresult/162eed9367332a87","status":"broken","statusDetails":"Condition with Lambda expression in com.example.teamcity.api.BuildTypeTest was not fulfilled within 15 seconds.","time":{"start":1744128207164,"stop":1744128224113,"duration":16949}}]},"tags":[]},"source":"68052ec2a91a3eb1.json","parameterValues":[]}