{"uid":"31b4740e40ac838b","name":"User should be able to run build  with step","fullName":"com.example.teamcity.api.BuildTypeTest.userCreatesAndRunBuildTypeWithStepTest","historyId":"9cfb9da5494555fca8659724c83fd6ed","time":{"start":1744137643562,"stop":1744137660704,"duration":17142},"status":"broken","statusMessage":"Condition with Lambda expression in com.example.teamcity.api.BuildTypeTest was not fulfilled within 15 seconds.","statusTrace":"org.awaitility.core.ConditionTimeoutException: Condition with Lambda expression in com.example.teamcity.api.BuildTypeTest was not fulfilled within 15 seconds.\n\tat org.awaitility.core.ConditionAwaiter.await(ConditionAwaiter.java:167)\n\tat org.awaitility.core.CallableCondition.await(CallableCondition.java:78)\n\tat org.awaitility.core.CallableCondition.await(CallableCondition.java:26)\n\tat org.awaitility.core.ConditionFactory.until(ConditionFactory.java:1160)\n\tat org.awaitility.core.ConditionFactory.until(ConditionFactory.java:1129)\n\tat com.example.teamcity.api.BuildTypeTest.waitUntilBuildIsFinished(BuildTypeTest.java:175)\n\tat com.example.teamcity.api.BuildTypeTest.userCreatesAndRunBuildTypeWithStepTest(BuildTypeTest.java:162)\n\tat java.base/jdk.internal.reflect.NativeMethodAccessorImpl.invoke0(Native Method)\n\tat java.base/jdk.internal.reflect.NativeMethodAccessorImpl.invoke(NativeMethodAccessorImpl.java:77)\n\tat java.base/jdk.internal.reflect.DelegatingMethodAccessorImpl.invoke(DelegatingMethodAccessorImpl.java:43)\n\tat java.base/java.lang.reflect.Method.invoke(Method.java:569)\n\tat org.testng.internal.invokers.MethodInvocationHelper.invokeMethod(MethodInvocationHelper.java:141)\n\tat org.testng.internal.invokers.TestInvoker.invokeMethod(TestInvoker.java:686)\n\tat org.testng.internal.invokers.TestInvoker.invokeTestMethod(TestInvoker.java:230)\n\tat org.testng.internal.invokers.MethodRunner.runInSequence(MethodRunner.java:63)\n\tat org.testng.internal.invokers.TestInvoker$MethodInvocationAgent.invoke(TestInvoker.java:992)\n\tat org.testng.internal.invokers.TestInvoker.invokeTestMethods(TestInvoker.java:203)\n\tat org.testng.internal.invokers.TestMethodWorker.invokeTestMethods(TestMethodWorker.java:154)\n\tat org.testng.internal.invokers.TestMethodWorker.run(TestMethodWorker.java:134)\n\tat java.base/java.util.ArrayList.forEach(ArrayList.java:1511)\n\tat org.testng.TestRunner.privateRun(TestRunner.java:739)\n\tat org.testng.TestRunner.run(TestRunner.java:614)\n\tat org.testng.SuiteRunner.runTest(SuiteRunner.java:421)\n\tat org.testng.SuiteRunner.runSequentially(SuiteRunner.java:413)\n\tat org.testng.SuiteRunner.privateRun(SuiteRunner.java:373)\n\tat org.testng.SuiteRunner.run(SuiteRunner.java:312)\n\tat org.testng.SuiteRunnerWorker.runSuite(SuiteRunnerWorker.java:52)\n\tat org.testng.SuiteRunnerWorker.run(SuiteRunnerWorker.java:95)\n\tat org.testng.TestNG.runSuitesSequentially(TestNG.java:1274)\n\tat org.testng.TestNG.runSuitesLocally(TestNG.java:1208)\n\tat org.testng.TestNG.runSuites(TestNG.java:1112)\n\tat org.testng.TestNG.run(TestNG.java:1079)\n\tat org.apache.maven.surefire.testng.TestNGExecutor.run(TestNGExecutor.java:155)\n\tat org.apache.maven.surefire.testng.TestNGDirectoryTestSuite.executeMulti(TestNGDirectoryTestSuite.java:169)\n\tat org.apache.maven.surefire.testng.TestNGDirectoryTestSuite.execute(TestNGDirectoryTestSuite.java:88)\n\tat org.apache.maven.surefire.testng.TestNGProvider.invoke(TestNGProvider.java:137)\n\tat org.apache.maven.surefire.booter.ForkedBooter.runSuitesInProcess(ForkedBooter.java:385)\n\tat org.apache.maven.surefire.booter.ForkedBooter.execute(ForkedBooter.java:162)\n\tat org.apache.maven.surefire.booter.ForkedBooter.run(ForkedBooter.java:507)\n\tat org.apache.maven.surefire.booter.ForkedBooter.main(ForkedBooter.java:495)\n","flaky":false,"newFailed":false,"newBroken":false,"newPassed":false,"retriesCount":0,"retriesStatusChange":false,"beforeStages":[{"name":"beforeTest","time":{"start":1744137643552,"stop":1744137643553,"duration":1},"description":"","status":"passed","steps":[],"attachments":[],"parameters":[],"shouldDisplayMessage":false,"stepsCount":0,"attachmentsCount":0,"hasContent":false}],"testStage":{"status":"broken","statusMessage":"Condition with Lambda expression in com.example.teamcity.api.BuildTypeTest was not fulfilled within 15 seconds.","statusTrace":"org.awaitility.core.ConditionTimeoutException: Condition with Lambda expression in com.example.teamcity.api.BuildTypeTest was not fulfilled within 15 seconds.\n\tat org.awaitility.core.ConditionAwaiter.await(ConditionAwaiter.java:167)\n\tat org.awaitility.core.CallableCondition.await(CallableCondition.java:78)\n\tat org.awaitility.core.CallableCondition.await(CallableCondition.java:26)\n\tat org.awaitility.core.ConditionFactory.until(ConditionFactory.java:1160)\n\tat org.awaitility.core.ConditionFactory.until(ConditionFactory.java:1129)\n\tat com.example.teamcity.api.BuildTypeTest.waitUntilBuildIsFinished(BuildTypeTest.java:175)\n\tat com.example.teamcity.api.BuildTypeTest.userCreatesAndRunBuildTypeWithStepTest(BuildTypeTest.java:162)\n\tat java.base/jdk.internal.reflect.NativeMethodAccessorImpl.invoke0(Native Method)\n\tat java.base/jdk.internal.reflect.NativeMethodAccessorImpl.invoke(NativeMethodAccessorImpl.java:77)\n\tat java.base/jdk.internal.reflect.DelegatingMethodAccessorImpl.invoke(DelegatingMethodAccessorImpl.java:43)\n\tat java.base/java.lang.reflect.Method.invoke(Method.java:569)\n\tat org.testng.internal.invokers.MethodInvocationHelper.invokeMethod(MethodInvocationHelper.java:141)\n\tat org.testng.internal.invokers.TestInvoker.invokeMethod(TestInvoker.java:686)\n\tat org.testng.internal.invokers.TestInvoker.invokeTestMethod(TestInvoker.java:230)\n\tat org.testng.internal.invokers.MethodRunner.runInSequence(MethodRunner.java:63)\n\tat org.testng.internal.invokers.TestInvoker$MethodInvocationAgent.invoke(TestInvoker.java:992)\n\tat org.testng.internal.invokers.TestInvoker.invokeTestMethods(TestInvoker.java:203)\n\tat org.testng.internal.invokers.TestMethodWorker.invokeTestMethods(TestMethodWorker.java:154)\n\tat org.testng.internal.invokers.TestMethodWorker.run(TestMethodWorker.java:134)\n\tat java.base/java.util.ArrayList.forEach(ArrayList.java:1511)\n\tat org.testng.TestRunner.privateRun(TestRunner.java:739)\n\tat org.testng.TestRunner.run(TestRunner.java:614)\n\tat org.testng.SuiteRunner.runTest(SuiteRunner.java:421)\n\tat org.testng.SuiteRunner.runSequentially(SuiteRunner.java:413)\n\tat org.testng.SuiteRunner.privateRun(SuiteRunner.java:373)\n\tat org.testng.SuiteRunner.run(SuiteRunner.java:312)\n\tat org.testng.SuiteRunnerWorker.runSuite(SuiteRunnerWorker.java:52)\n\tat org.testng.SuiteRunnerWorker.run(SuiteRunnerWorker.java:95)\n\tat org.testng.TestNG.runSuitesSequentially(TestNG.java:1274)\n\tat org.testng.TestNG.runSuitesLocally(TestNG.java:1208)\n\tat org.testng.TestNG.runSuites(TestNG.java:1112)\n\tat org.testng.TestNG.run(TestNG.java:1079)\n\tat org.apache.maven.surefire.testng.TestNGExecutor.run(TestNGExecutor.java:155)\n\tat org.apache.maven.surefire.testng.TestNGDirectoryTestSuite.executeMulti(TestNGDirectoryTestSuite.java:169)\n\tat org.apache.maven.surefire.testng.TestNGDirectoryTestSuite.execute(TestNGDirectoryTestSuite.java:88)\n\tat org.apache.maven.surefire.testng.TestNGProvider.invoke(TestNGProvider.java:137)\n\tat org.apache.maven.surefire.booter.ForkedBooter.runSuitesInProcess(ForkedBooter.java:385)\n\tat org.apache.maven.surefire.booter.ForkedBooter.execute(ForkedBooter.java:162)\n\tat org.apache.maven.surefire.booter.ForkedBooter.run(ForkedBooter.java:507)\n\tat org.apache.maven.surefire.booter.ForkedBooter.main(ForkedBooter.java:495)\n","steps":[{"name":"Create project","time":{"start":1744137643563,"stop":1744137643714,"duration":151},"status":"passed","steps":[{"name":"Отправка запроса на создание сущности","time":{"start":1744137643563,"stop":1744137643708,"duration":145},"status":"passed","steps":[],"attachments":[{"uid":"3f56e1f2545328aa","name":"Request","source":"3f56e1f2545328aa.html","type":"text/html","size":1357},{"uid":"ac1ff6b7a1988730","name":"HTTP/1.1 200 ","source":"ac1ff6b7a1988730.html","type":"text/html","size":2124}],"parameters":[{"name":"model","value":"User(id=null, username=test_LtdbKsUbIM, password=test_ZbRoUxfWQl, roles=Roles(role=[Role(roleId=SYSTEM_ADMIN, scope=g)]))"}],"shouldDisplayMessage":false,"stepsCount":0,"attachmentsCount":2,"hasContent":true}],"attachments":[],"parameters":[],"shouldDisplayMessage":false,"stepsCount":1,"attachmentsCount":2,"hasContent":true},{"name":"Create project","time":{"start":1744137643715,"stop":1744137643812,"duration":97},"status":"passed","steps":[{"name":"Отправка запроса на создание сущности","time":{"start":1744137643715,"stop":1744137643809,"duration":94},"status":"passed","steps":[],"attachments":[{"uid":"4422120e3b5fc2db","name":"Request","source":"4422120e3b5fc2db.html","type":"text/html","size":935},{"uid":"abc8bb65277feee3","name":"HTTP/1.1 200 ","source":"abc8bb65277feee3.html","type":"text/html","size":2270}],"parameters":[{"name":"model","value":"Project(id=test_SWTNYrQICI, name=test_aVKkbNbrxY, locator=null)"}],"shouldDisplayMessage":false,"stepsCount":0,"attachmentsCount":2,"hasContent":true}],"attachments":[],"parameters":[],"shouldDisplayMessage":false,"stepsCount":1,"attachmentsCount":2,"hasContent":true},{"name":"Create build with step CommandLine","time":{"start":1744137643812,"stop":1744137643956,"duration":144},"status":"passed","steps":[{"name":"Отправка запроса на создание сущности","time":{"start":1744137643813,"stop":1744137643948,"duration":135},"status":"passed","steps":[],"attachments":[{"uid":"3e02890f1db2bbc0","name":"Request","source":"3e02890f1db2bbc0.html","type":"text/html","size":2737},{"uid":"63e971052865945","name":"HTTP/1.1 200 ","source":"63e971052865945.html","type":"text/html","size":3819}],"parameters":[{"name":"model","value":"BuildType(id=test_pgpyJCVuti, name=test_YIrMdAeDkH, project=Project(id=test_SWTNYrQICI, name=test_aVKkbNbrxY, locator=null), steps=Steps(step=[Step(name=test_RLQsyZhbrE, type=simpleRunner, properties=Properties(property=[Property(name=script.content, value=echo 'Hello World!'), Property(name=use.custom.script, value=true)]))]))"}],"shouldDisplayMessage":false,"stepsCount":0,"attachmentsCount":2,"hasContent":true}],"attachments":[],"parameters":[],"shouldDisplayMessage":false,"stepsCount":1,"attachmentsCount":2,"hasContent":true},{"name":"Отправка запроса на создание сущности","time":{"start":1744137643958,"stop":1744137645131,"duration":1173},"status":"passed","steps":[],"attachments":[{"uid":"a2bad87ac37f1844","name":"Request","source":"a2bad87ac37f1844.html","type":"text/html","size":3133},{"uid":"5d0b16eef9d29dcc","name":"HTTP/1.1 200 ","source":"5d0b16eef9d29dcc.html","type":"text/html","size":2299}],"parameters":[{"name":"model","value":"Build(id=null, buildType=BuildType(id=test_pgpyJCVuti, name=test_YIrMdAeDkH, project=Project(id=test_SWTNYrQICI, name=test_aVKkbNbrxY, locator=null), steps=Steps(step=[Step(name=test_RLQsyZhbrE, type=simpleRunner, properties=Properties(property=[Property(name=script.content, value=echo 'Hello World!'), Property(name=use.custom.script, value=true)]))])), state=null, status=null)"}],"shouldDisplayMessage":false,"stepsCount":0,"attachmentsCount":2,"hasContent":true},{"name":"Wait until build is finished","time":{"start":1744137645144,"stop":1744137660703,"duration":15559},"status":"broken","statusMessage":"Condition with Lambda expression in com.example.teamcity.api.BuildTypeTest was not fulfilled within 15 seconds.","statusTrace":"org.awaitility.core.ConditionTimeoutException: Condition with Lambda expression in com.example.teamcity.api.BuildTypeTest was not fulfilled within 15 seconds.\n\tat org.awaitility.core.ConditionAwaiter.await(ConditionAwaiter.java:167)\n\tat org.awaitility.core.CallableCondition.await(CallableCondition.java:78)\n\tat org.awaitility.core.CallableCondition.await(CallableCondition.java:26)\n\tat org.awaitility.core.ConditionFactory.until(ConditionFactory.java:1160)\n\tat org.awaitility.core.ConditionFactory.until(ConditionFactory.java:1129)\n\tat com.example.teamcity.api.BuildTypeTest.waitUntilBuildIsFinished(BuildTypeTest.java:175)\n\tat com.example.teamcity.api.BuildTypeTest.userCreatesAndRunBuildTypeWithStepTest(BuildTypeTest.java:162)\n\tat java.base/jdk.internal.reflect.NativeMethodAccessorImpl.invoke0(Native Method)\n\tat java.base/jdk.internal.reflect.NativeMethodAccessorImpl.invoke(NativeMethodAccessorImpl.java:77)\n\tat java.base/jdk.internal.reflect.DelegatingMethodAccessorImpl.invoke(DelegatingMethodAccessorImpl.java:43)\n\tat java.base/java.lang.reflect.Method.invoke(Method.java:569)\n\tat org.testng.internal.invokers.MethodInvocationHelper.invokeMethod(MethodInvocationHelper.java:141)\n\tat org.testng.internal.invokers.TestInvoker.invokeMethod(TestInvoker.java:686)\n\tat org.testng.internal.invokers.TestInvoker.invokeTestMethod(TestInvoker.java:230)\n\tat org.testng.internal.invokers.MethodRunner.runInSequence(MethodRunner.java:63)\n\tat org.testng.internal.invokers.TestInvoker$MethodInvocationAgent.invoke(TestInvoker.java:992)\n\tat org.testng.internal.invokers.TestInvoker.invokeTestMethods(TestInvoker.java:203)\n\tat org.testng.internal.invokers.TestMethodWorker.invokeTestMethods(TestMethodWorker.java:154)\n\tat org.testng.internal.invokers.TestMethodWorker.run(TestMethodWorker.java:134)\n\tat java.base/java.util.ArrayList.forEach(ArrayList.java:1511)\n\tat org.testng.TestRunner.privateRun(TestRunner.java:739)\n\tat org.testng.TestRunner.run(TestRunner.java:614)\n\tat org.testng.SuiteRunner.runTest(SuiteRunner.java:421)\n\tat org.testng.SuiteRunner.runSequentially(SuiteRunner.java:413)\n\tat org.testng.SuiteRunner.privateRun(SuiteRunner.java:373)\n\tat org.testng.SuiteRunner.run(SuiteRunner.java:312)\n\tat org.testng.SuiteRunnerWorker.runSuite(SuiteRunnerWorker.java:52)\n\tat org.testng.SuiteRunnerWorker.run(SuiteRunnerWorker.java:95)\n\tat org.testng.TestNG.runSuitesSequentially(TestNG.java:1274)\n\tat org.testng.TestNG.runSuitesLocally(TestNG.java:1208)\n\tat org.testng.TestNG.runSuites(TestNG.java:1112)\n\tat org.testng.TestNG.run(TestNG.java:1079)\n\tat org.apache.maven.surefire.testng.TestNGExecutor.run(TestNGExecutor.java:155)\n\tat org.apache.maven.surefire.testng.TestNGDirectoryTestSuite.executeMulti(TestNGDirectoryTestSuite.java:169)\n\tat org.apache.maven.surefire.testng.TestNGDirectoryTestSuite.execute(TestNGDirectoryTestSuite.java:88)\n\tat org.apache.maven.surefire.testng.TestNGProvider.invoke(TestNGProvider.java:137)\n\tat org.apache.maven.surefire.booter.ForkedBooter.runSuitesInProcess(ForkedBooter.java:385)\n\tat org.apache.maven.surefire.booter.ForkedBooter.execute(ForkedBooter.java:162)\n\tat org.apache.maven.surefire.booter.ForkedBooter.run(ForkedBooter.java:507)\n\tat org.apache.maven.surefire.booter.ForkedBooter.main(ForkedBooter.java:495)\n","steps":[{"name":"Отправка запроса на получение данных о сущности","time":{"start":1744137648179,"stop":1744137648310,"duration":131},"status":"passed","steps":[],"attachments":[{"uid":"4b87f4604842030c","name":"Request","source":"4b87f4604842030c.html","type":"text/html","size":518},{"uid":"27fabb558f7842c0","name":"HTTP/1.1 200 ","source":"27fabb558f7842c0.html","type":"text/html","size":2311}],"parameters":[{"name":"locator","value":"id:1"}],"shouldDisplayMessage":false,"stepsCount":0,"attachmentsCount":2,"hasContent":true},{"name":"Отправка запроса на получение данных о сущности","time":{"start":1744137651324,"stop":1744137651483,"duration":159},"status":"passed","steps":[],"attachments":[{"uid":"2e8feb4a23bc1961","name":"Request","source":"2e8feb4a23bc1961.html","type":"text/html","size":518},{"uid":"bd7ed43d2a64ddb6","name":"HTTP/1.1 200 ","source":"bd7ed43d2a64ddb6.html","type":"text/html","size":2311}],"parameters":[{"name":"locator","value":"id:1"}],"shouldDisplayMessage":false,"stepsCount":0,"attachmentsCount":2,"hasContent":true},{"name":"Отправка запроса на получение данных о сущности","time":{"start":1744137654491,"stop":1744137654596,"duration":105},"status":"passed","steps":[],"attachments":[{"uid":"4c639d905e9adc79","name":"Request","source":"4c639d905e9adc79.html","type":"text/html","size":518},{"uid":"9e799dd51b3acd1c","name":"HTTP/1.1 200 ","source":"9e799dd51b3acd1c.html","type":"text/html","size":2311}],"parameters":[{"name":"locator","value":"id:1"}],"shouldDisplayMessage":false,"stepsCount":0,"attachmentsCount":2,"hasContent":true},{"name":"Отправка запроса на получение данных о сущности","time":{"start":1744137657600,"stop":1744137657693,"duration":93},"status":"passed","steps":[],"attachments":[{"uid":"551153a165304ff7","name":"Request","source":"551153a165304ff7.html","type":"text/html","size":518},{"uid":"c20e6efa3b3e422a","name":"HTTP/1.1 200 ","source":"c20e6efa3b3e422a.html","type":"text/html","size":2311}],"parameters":[{"name":"locator","value":"id:1"}],"shouldDisplayMessage":false,"stepsCount":0,"attachmentsCount":2,"hasContent":true}],"attachments":[],"parameters":[{"name":"build","value":"Build(id=1, buildType=BuildType(id=test_pgpyJCVuti, name=test_YIrMdAeDkH, project=null, steps=null), state=queued, status=null)"}],"shouldDisplayMessage":true,"stepsCount":4,"attachmentsCount":8,"hasContent":true}],"attachments":[],"parameters":[],"shouldDisplayMessage":false,"stepsCount":12,"attachmentsCount":16,"hasContent":true},"afterStages":[{"name":"afterTest","time":{"start":1744137660712,"stop":1744137660925,"duration":213},"description":"","status":"passed","steps":[{"name":"Отправка запроса на удаление  сущности","time":{"start":1744137660714,"stop":1744137660790,"duration":76},"status":"passed","steps":[],"attachments":[{"uid":"24cf2a761e1d614e","name":"Request","source":"24cf2a761e1d614e.html","type":"text/html","size":610},{"uid":"c3383f78eb3cba7a","name":"HTTP/1.1 204 ","source":"c3383f78eb3cba7a.html","type":"text/html","size":478}],"parameters":[{"name":"locator","value":"test_pgpyJCVuti"}],"shouldDisplayMessage":false,"stepsCount":0,"attachmentsCount":2,"hasContent":true},{"name":"Отправка запроса на удаление  сущности","time":{"start":1744137660791,"stop":1744137660832,"duration":41},"status":"passed","steps":[],"attachments":[{"uid":"56790ccbe3875108","name":"Request","source":"56790ccbe3875108.html","type":"text/html","size":582},{"uid":"e433a6ab4d60632","name":"HTTP/1.1 404 ","source":"e433a6ab4d60632.html","type":"text/html","size":858}],"parameters":[{"name":"locator","value":"1"}],"shouldDisplayMessage":false,"stepsCount":0,"attachmentsCount":2,"hasContent":true},{"name":"Отправка запроса на удаление  сущности","time":{"start":1744137660834,"stop":1744137660877,"duration":43},"status":"passed","steps":[],"attachments":[{"uid":"dc7b717e73b54d44","name":"Request","source":"dc7b717e73b54d44.html","type":"text/html","size":572},{"uid":"7c787cbb049d58f1","name":"HTTP/1.1 404 ","source":"7c787cbb049d58f1.html","type":"text/html","size":823}],"parameters":[{"name":"locator","value":"4"}],"shouldDisplayMessage":false,"stepsCount":0,"attachmentsCount":2,"hasContent":true},{"name":"Отправка запроса на удаление  сущности","time":{"start":1744137660879,"stop":1744137660925,"duration":46},"status":"passed","steps":[],"attachments":[{"uid":"f132b350e842de9f","name":"Request","source":"f132b350e842de9f.html","type":"text/html","size":606},{"uid":"32642a95528b3013","name":"HTTP/1.1 204 ","source":"32642a95528b3013.html","type":"text/html","size":478}],"parameters":[{"name":"locator","value":"test_SWTNYrQICI"}],"shouldDisplayMessage":false,"stepsCount":0,"attachmentsCount":2,"hasContent":true}],"attachments":[],"parameters":[],"shouldDisplayMessage":false,"stepsCount":4,"attachmentsCount":8,"hasContent":true}],"labels":[{"name":"package","value":"com.example.teamcity.api.BuildTypeTest"},{"name":"testClass","value":"com.example.teamcity.api.BuildTypeTest"},{"name":"testMethod","value":"userCreatesAndRunBuildTypeWithStepTest"},{"name":"parentSuite","value":"Surefire suite"},{"name":"suite","value":"Surefire test"},{"name":"subSuite","value":"com.example.teamcity.api.BuildTypeTest"},{"name":"host","value":"fv-az1784-745"},{"name":"thread","value":"4237@fv-az1784-745.main(1)"},{"name":"framework","value":"testng"},{"name":"language","value":"java"},{"name":"resultFormat","value":"allure2"}],"parameters":[],"links":[],"hidden":false,"retry":false,"extra":{"severity":"normal","retries":[],"categories":[{"name":"Test defects","matchedStatuses":[],"flaky":false}],"history":{"statistic":{"failed":0,"broken":2,"skipped":0,"passed":0,"unknown":0,"total":2},"items":[{"uid":"162eed9367332a87","reportUrl":"https://Starford-newchapter.github.io/teamcity-testing-framework/api/43//#testresult/162eed9367332a87","status":"broken","statusDetails":"Condition with Lambda expression in com.example.teamcity.api.BuildTypeTest was not fulfilled within 15 seconds.","time":{"start":1744128207164,"stop":1744128224113,"duration":16949}}]},"tags":[]},"source":"31b4740e40ac838b.json","parameterValues":[]}