{"uid":"c1020907d138e65c","name":"User should be able to create project","fullName":"com.example.teamcity.ui.CreateProjectTest.userCreatesProject","historyId":"7f24ad9023ae3cbff9685d20fb15db20","time":{"start":1743175649317,"stop":1743175675240,"duration":25923},"status":"failed","statusMessage":"Element should exist {div[class*='Subproject__container'].snapshot(1 elements)[0]}\nElement: 'Ups, failed to describe the element [caused by: StaleElementReferenceException: stale element reference: stale element not found]'\nActual value: does not exist\nScreenshot: file:/home/runner/work/teamcity-testing-framework/teamcity-testing-framework/build/reports/tests/1743175674747.1.png\nPage source: file:/home/runner/work/teamcity-testing-framework/teamcity-testing-framework/build/reports/tests/1743175674747.1.html\nTimeout: 4 s.","statusTrace":"Element should exist {div[class*='Subproject__container'].snapshot(1 elements)[0]}\nElement: 'Ups, failed to describe the element [caused by: StaleElementReferenceException: stale element reference: stale element not found]'\nActual value: does not exist\nScreenshot: file:/home/runner/work/teamcity-testing-framework/teamcity-testing-framework/build/reports/tests/1743175674747.1.png\nPage source: file:/home/runner/work/teamcity-testing-framework/teamcity-testing-framework/build/reports/tests/1743175674747.1.html\nTimeout: 4 s.\n\tat com.codeborne.selenide.impl.WebElementSource.handleError(WebElementSource.java:148)\n\tat com.codeborne.selenide.impl.WebElementSource.checkConditionAndReturnElement(WebElementSource.java:126)\n\tat com.codeborne.selenide.impl.WebElementSource.checkCondition(WebElementSource.java:103)\n\tat com.codeborne.selenide.impl.ElementFinder.createElementNotFoundError(ElementFinder.java:139)\n\tat com.codeborne.selenide.impl.ExceptionWrapper.wrap(ExceptionWrapper.java:32)\n\tat com.codeborne.selenide.impl.SelenideElementProxy.dispatchAndRetry(SelenideElementProxy.java:156)\n\tat com.codeborne.selenide.impl.SelenideElementProxy.invoke(SelenideElementProxy.java:86)\n\tat jdk.proxy2/jdk.proxy2.$Proxy31.text(Unknown Source)\n\tat com.example.teamcity.ui.CreateProjectTest.lambda$userCreatesProject$0(CreateProjectTest.java:37)\n\tat java.base/java.util.stream.MatchOps$1MatchSink.accept(MatchOps.java:90)\n\tat java.base/java.util.AbstractList$RandomAccessSpliterator.tryAdvance(AbstractList.java:706)\n\tat java.base/java.util.stream.ReferencePipeline.forEachWithCancel(ReferencePipeline.java:129)\n\tat java.base/java.util.stream.AbstractPipeline.copyIntoWithCancel(AbstractPipeline.java:527)\n\tat java.base/java.util.stream.AbstractPipeline.copyInto(AbstractPipeline.java:513)\n\tat java.base/java.util.stream.AbstractPipeline.wrapAndCopyInto(AbstractPipeline.java:499)\n\tat java.base/java.util.stream.MatchOps$MatchOp.evaluateSequential(MatchOps.java:230)\n\tat java.base/java.util.stream.MatchOps$MatchOp.evaluateSequential(MatchOps.java:196)\n\tat java.base/java.util.stream.AbstractPipeline.evaluate(AbstractPipeline.java:234)\n\tat java.base/java.util.stream.ReferencePipeline.anyMatch(ReferencePipeline.java:632)\n\tat com.example.teamcity.ui.CreateProjectTest.userCreatesProject(CreateProjectTest.java:37)\n\tat java.base/jdk.internal.reflect.NativeMethodAccessorImpl.invoke0(Native Method)\n\tat java.base/jdk.internal.reflect.NativeMethodAccessorImpl.invoke(NativeMethodAccessorImpl.java:77)\n\tat java.base/jdk.internal.reflect.DelegatingMethodAccessorImpl.invoke(DelegatingMethodAccessorImpl.java:43)\n\tat java.base/java.lang.reflect.Method.invoke(Method.java:569)\n\tat org.testng.internal.invokers.MethodInvocationHelper.invokeMethod(MethodInvocationHelper.java:141)\n\tat org.testng.internal.invokers.TestInvoker.invokeMethod(TestInvoker.java:686)\n\tat org.testng.internal.invokers.TestInvoker.invokeTestMethod(TestInvoker.java:230)\n\tat org.testng.internal.invokers.MethodRunner.runInSequence(MethodRunner.java:63)\n\tat org.testng.internal.invokers.TestInvoker$MethodInvocationAgent.invoke(TestInvoker.java:992)\n\tat org.testng.internal.invokers.TestInvoker.invokeTestMethods(TestInvoker.java:203)\n\tat org.testng.internal.invokers.TestMethodWorker.invokeTestMethods(TestMethodWorker.java:154)\n\tat org.testng.internal.invokers.TestMethodWorker.run(TestMethodWorker.java:134)\n\tat java.base/java.util.ArrayList.forEach(ArrayList.java:1511)\n\tat org.testng.TestRunner.privateRun(TestRunner.java:739)\n\tat org.testng.TestRunner.run(TestRunner.java:614)\n\tat org.testng.SuiteRunner.runTest(SuiteRunner.java:421)\n\tat org.testng.SuiteRunner.runSequentially(SuiteRunner.java:413)\n\tat org.testng.SuiteRunner.privateRun(SuiteRunner.java:373)\n\tat org.testng.SuiteRunner.run(SuiteRunner.java:312)\n\tat org.testng.SuiteRunnerWorker.runSuite(SuiteRunnerWorker.java:52)\n\tat org.testng.SuiteRunnerWorker.run(SuiteRunnerWorker.java:95)\n\tat org.testng.TestNG.runSuitesSequentially(TestNG.java:1274)\n\tat org.testng.TestNG.runSuitesLocally(TestNG.java:1208)\n\tat org.testng.TestNG.runSuites(TestNG.java:1112)\n\tat org.testng.TestNG.run(TestNG.java:1079)\n\tat org.apache.maven.surefire.testng.TestNGExecutor.run(TestNGExecutor.java:155)\n\tat org.apache.maven.surefire.testng.TestNGDirectoryTestSuite.executeMulti(TestNGDirectoryTestSuite.java:169)\n\tat org.apache.maven.surefire.testng.TestNGDirectoryTestSuite.execute(TestNGDirectoryTestSuite.java:88)\n\tat org.apache.maven.surefire.testng.TestNGProvider.invoke(TestNGProvider.java:137)\n\tat org.apache.maven.surefire.booter.ForkedBooter.runSuitesInProcess(ForkedBooter.java:385)\n\tat org.apache.maven.surefire.booter.ForkedBooter.execute(ForkedBooter.java:162)\n\tat org.apache.maven.surefire.booter.ForkedBooter.run(ForkedBooter.java:507)\n\tat org.apache.maven.surefire.booter.ForkedBooter.main(ForkedBooter.java:495)\n","flaky":false,"newFailed":false,"newBroken":false,"newPassed":false,"retriesCount":0,"retriesStatusChange":false,"beforeStages":[{"name":"beforeTest","time":{"start":1743175649311,"stop":1743175649313,"duration":2},"description":"","status":"passed","steps":[],"attachments":[],"parameters":[],"attachmentsCount":0,"hasContent":false,"shouldDisplayMessage":false,"stepsCount":0}],"testStage":{"status":"failed","statusMessage":"Element should exist {div[class*='Subproject__container'].snapshot(1 elements)[0]}\nElement: 'Ups, failed to describe the element [caused by: StaleElementReferenceException: stale element reference: stale element not found]'\nActual value: does not exist\nScreenshot: file:/home/runner/work/teamcity-testing-framework/teamcity-testing-framework/build/reports/tests/1743175674747.1.png\nPage source: file:/home/runner/work/teamcity-testing-framework/teamcity-testing-framework/build/reports/tests/1743175674747.1.html\nTimeout: 4 s.","statusTrace":"Element should exist {div[class*='Subproject__container'].snapshot(1 elements)[0]}\nElement: 'Ups, failed to describe the element [caused by: StaleElementReferenceException: stale element reference: stale element not found]'\nActual value: does not exist\nScreenshot: file:/home/runner/work/teamcity-testing-framework/teamcity-testing-framework/build/reports/tests/1743175674747.1.png\nPage source: file:/home/runner/work/teamcity-testing-framework/teamcity-testing-framework/build/reports/tests/1743175674747.1.html\nTimeout: 4 s.\n\tat com.codeborne.selenide.impl.WebElementSource.handleError(WebElementSource.java:148)\n\tat com.codeborne.selenide.impl.WebElementSource.checkConditionAndReturnElement(WebElementSource.java:126)\n\tat com.codeborne.selenide.impl.WebElementSource.checkCondition(WebElementSource.java:103)\n\tat com.codeborne.selenide.impl.ElementFinder.createElementNotFoundError(ElementFinder.java:139)\n\tat com.codeborne.selenide.impl.ExceptionWrapper.wrap(ExceptionWrapper.java:32)\n\tat com.codeborne.selenide.impl.SelenideElementProxy.dispatchAndRetry(SelenideElementProxy.java:156)\n\tat com.codeborne.selenide.impl.SelenideElementProxy.invoke(SelenideElementProxy.java:86)\n\tat jdk.proxy2/jdk.proxy2.$Proxy31.text(Unknown Source)\n\tat com.example.teamcity.ui.CreateProjectTest.lambda$userCreatesProject$0(CreateProjectTest.java:37)\n\tat java.base/java.util.stream.MatchOps$1MatchSink.accept(MatchOps.java:90)\n\tat java.base/java.util.AbstractList$RandomAccessSpliterator.tryAdvance(AbstractList.java:706)\n\tat java.base/java.util.stream.ReferencePipeline.forEachWithCancel(ReferencePipeline.java:129)\n\tat java.base/java.util.stream.AbstractPipeline.copyIntoWithCancel(AbstractPipeline.java:527)\n\tat java.base/java.util.stream.AbstractPipeline.copyInto(AbstractPipeline.java:513)\n\tat java.base/java.util.stream.AbstractPipeline.wrapAndCopyInto(AbstractPipeline.java:499)\n\tat java.base/java.util.stream.MatchOps$MatchOp.evaluateSequential(MatchOps.java:230)\n\tat java.base/java.util.stream.MatchOps$MatchOp.evaluateSequential(MatchOps.java:196)\n\tat java.base/java.util.stream.AbstractPipeline.evaluate(AbstractPipeline.java:234)\n\tat java.base/java.util.stream.ReferencePipeline.anyMatch(ReferencePipeline.java:632)\n\tat com.example.teamcity.ui.CreateProjectTest.userCreatesProject(CreateProjectTest.java:37)\n\tat java.base/jdk.internal.reflect.NativeMethodAccessorImpl.invoke0(Native Method)\n\tat java.base/jdk.internal.reflect.NativeMethodAccessorImpl.invoke(NativeMethodAccessorImpl.java:77)\n\tat java.base/jdk.internal.reflect.DelegatingMethodAccessorImpl.invoke(DelegatingMethodAccessorImpl.java:43)\n\tat java.base/java.lang.reflect.Method.invoke(Method.java:569)\n\tat org.testng.internal.invokers.MethodInvocationHelper.invokeMethod(MethodInvocationHelper.java:141)\n\tat org.testng.internal.invokers.TestInvoker.invokeMethod(TestInvoker.java:686)\n\tat org.testng.internal.invokers.TestInvoker.invokeTestMethod(TestInvoker.java:230)\n\tat org.testng.internal.invokers.MethodRunner.runInSequence(MethodRunner.java:63)\n\tat org.testng.internal.invokers.TestInvoker$MethodInvocationAgent.invoke(TestInvoker.java:992)\n\tat org.testng.internal.invokers.TestInvoker.invokeTestMethods(TestInvoker.java:203)\n\tat org.testng.internal.invokers.TestMethodWorker.invokeTestMethods(TestMethodWorker.java:154)\n\tat org.testng.internal.invokers.TestMethodWorker.run(TestMethodWorker.java:134)\n\tat java.base/java.util.ArrayList.forEach(ArrayList.java:1511)\n\tat org.testng.TestRunner.privateRun(TestRunner.java:739)\n\tat org.testng.TestRunner.run(TestRunner.java:614)\n\tat org.testng.SuiteRunner.runTest(SuiteRunner.java:421)\n\tat org.testng.SuiteRunner.runSequentially(SuiteRunner.java:413)\n\tat org.testng.SuiteRunner.privateRun(SuiteRunner.java:373)\n\tat org.testng.SuiteRunner.run(SuiteRunner.java:312)\n\tat org.testng.SuiteRunnerWorker.runSuite(SuiteRunnerWorker.java:52)\n\tat org.testng.SuiteRunnerWorker.run(SuiteRunnerWorker.java:95)\n\tat org.testng.TestNG.runSuitesSequentially(TestNG.java:1274)\n\tat org.testng.TestNG.runSuitesLocally(TestNG.java:1208)\n\tat org.testng.TestNG.runSuites(TestNG.java:1112)\n\tat org.testng.TestNG.run(TestNG.java:1079)\n\tat org.apache.maven.surefire.testng.TestNGExecutor.run(TestNGExecutor.java:155)\n\tat org.apache.maven.surefire.testng.TestNGDirectoryTestSuite.executeMulti(TestNGDirectoryTestSuite.java:169)\n\tat org.apache.maven.surefire.testng.TestNGDirectoryTestSuite.execute(TestNGDirectoryTestSuite.java:88)\n\tat org.apache.maven.surefire.testng.TestNGProvider.invoke(TestNGProvider.java:137)\n\tat org.apache.maven.surefire.booter.ForkedBooter.runSuitesInProcess(ForkedBooter.java:385)\n\tat org.apache.maven.surefire.booter.ForkedBooter.execute(ForkedBooter.java:162)\n\tat org.apache.maven.surefire.booter.ForkedBooter.run(ForkedBooter.java:507)\n\tat org.apache.maven.surefire.booter.ForkedBooter.main(ForkedBooter.java:495)\n","steps":[{"name":"Отправка запроса на создание сущности","time":{"start":1743175649318,"stop":1743175649472,"duration":154},"status":"passed","steps":[],"attachments":[{"uid":"c81b3580abe6d41d","name":"Request","source":"c81b3580abe6d41d.html","type":"text/html","size":1357},{"uid":"5f0fb89746ddf228","name":"HTTP/1.1 200 ","source":"5f0fb89746ddf228.html","type":"text/html","size":2124}],"parameters":[{"name":"model","value":"User(id=null, username=test_qmShrgqUfq, password=test_KZWcuqAuZa, roles=Roles(role=[Role(roleId=SYSTEM_ADMIN, scope=g)]))"}],"attachmentsCount":2,"hasContent":true,"shouldDisplayMessage":false,"stepsCount":0},{"name":"Открытие страницы авторизации","time":{"start":1743175649480,"stop":1743175652151,"duration":2671},"status":"passed","steps":[{"name":"$(\"open\") http://172.17.0.1:8111/login.html","time":{"start":1743175649480,"stop":1743175652151,"duration":2671},"status":"passed","steps":[{"name":"$(\"webdriver\") create()","time":{"start":1743175649480,"stop":1743175651156,"duration":1676},"status":"passed","steps":[],"attachments":[],"parameters":[],"attachmentsCount":0,"hasContent":false,"shouldDisplayMessage":false,"stepsCount":0}],"attachments":[],"parameters":[],"attachmentsCount":0,"hasContent":true,"shouldDisplayMessage":false,"stepsCount":1}],"attachments":[],"parameters":[],"attachmentsCount":0,"hasContent":true,"shouldDisplayMessage":false,"stepsCount":2},{"name":"Авторизация под юзером test_qmShrgqUfq","time":{"start":1743175652152,"stop":1743175654578,"duration":2426},"status":"passed","steps":[{"name":"$(\"#username\") val(test_qmShrgqUfq)","time":{"start":1743175652152,"stop":1743175652529,"duration":377},"status":"passed","steps":[],"attachments":[],"parameters":[],"attachmentsCount":0,"hasContent":false,"shouldDisplayMessage":false,"stepsCount":0},{"name":"$(\"#password\") val(test_KZWcuqAuZa)","time":{"start":1743175652530,"stop":1743175652733,"duration":203},"status":"passed","steps":[],"attachments":[],"parameters":[],"attachmentsCount":0,"hasContent":false,"shouldDisplayMessage":false,"stepsCount":0},{"name":"$(\".loginButton\") click()","time":{"start":1743175652733,"stop":1743175652849,"duration":116},"status":"passed","steps":[],"attachments":[],"parameters":[],"attachmentsCount":0,"hasContent":false,"shouldDisplayMessage":false,"stepsCount":0},{"name":"$(\".MainPanel__router--gF > div\") should be([visible, 30 s.])","time":{"start":1743175652852,"stop":1743175654578,"duration":1726},"status":"passed","steps":[],"attachments":[],"parameters":[],"attachmentsCount":0,"hasContent":false,"shouldDisplayMessage":false,"stepsCount":0}],"attachments":[],"parameters":[{"name":"user","value":"User(id=null, username=test_qmShrgqUfq, password=test_KZWcuqAuZa, roles=Roles(role=[Role(roleId=SYSTEM_ADMIN, scope=g)]))"}],"attachmentsCount":0,"hasContent":true,"shouldDisplayMessage":false,"stepsCount":4},{"name":"Открытие страницы создания проекта","time":{"start":1743175654594,"stop":1743175657147,"duration":2553},"status":"passed","steps":[{"name":"$(\"open\") http://172.17.0.1:8111/admin/createObjectMenu.html?projectId=_Root&showMode=createProjectMenu","time":{"start":1743175654594,"stop":1743175657140,"duration":2546},"status":"passed","steps":[],"attachments":[],"parameters":[],"attachmentsCount":0,"hasContent":false,"shouldDisplayMessage":false,"stepsCount":0}],"attachments":[],"parameters":[{"name":"projectId","value":"_Root"}],"attachmentsCount":0,"hasContent":true,"shouldDisplayMessage":false,"stepsCount":1},{"name":"Ввод url=https://github.com/Starford-newchapter/AVK_Double_2.git","time":{"start":1743175657147,"stop":1743175666968,"duration":9821},"status":"passed","steps":[{"name":"$(\"#url\") val(https://github.com/Starford-newchapter/AVK_Double_2.git)","time":{"start":1743175657147,"stop":1743175658052,"duration":905},"status":"passed","steps":[],"attachments":[],"parameters":[],"attachmentsCount":0,"hasContent":false,"shouldDisplayMessage":false,"stepsCount":0},{"name":"$(\"[value=\"Proceed\"]\") click()","time":{"start":1743175658052,"stop":1743175658184,"duration":132},"status":"passed","steps":[],"attachments":[],"parameters":[],"attachmentsCount":0,"hasContent":false,"shouldDisplayMessage":false,"stepsCount":0},{"name":"$(\".connectionSuccessful\") should([be visible, 30 s.])","time":{"start":1743175658185,"stop":1743175666968,"duration":8783},"status":"passed","steps":[],"attachments":[],"parameters":[],"attachmentsCount":0,"hasContent":false,"shouldDisplayMessage":false,"stepsCount":0}],"attachments":[],"parameters":[{"name":"url","value":"https://github.com/Starford-newchapter/AVK_Double_2.git"}],"attachmentsCount":0,"hasContent":true,"shouldDisplayMessage":false,"stepsCount":3},{"name":"Создание проекта с name test_dhEKnYxmBY и buildType test_nxTXjWMYUs","time":{"start":1743175666969,"stop":1743175667437,"duration":468},"status":"passed","steps":[{"name":"$(\"#projectName\") val(test_dhEKnYxmBY)","time":{"start":1743175666969,"stop":1743175667137,"duration":168},"status":"passed","steps":[],"attachments":[],"parameters":[],"attachmentsCount":0,"hasContent":false,"shouldDisplayMessage":false,"stepsCount":0},{"name":"$(\"#buildTypeName\") val(test_nxTXjWMYUs)","time":{"start":1743175667137,"stop":1743175667319,"duration":182},"status":"passed","steps":[],"attachments":[],"parameters":[],"attachmentsCount":0,"hasContent":false,"shouldDisplayMessage":false,"stepsCount":0},{"name":"$(\"[value=\"Proceed\"]\") click()","time":{"start":1743175667320,"stop":1743175667437,"duration":117},"status":"passed","steps":[],"attachments":[],"parameters":[],"attachmentsCount":0,"hasContent":false,"shouldDisplayMessage":false,"stepsCount":0}],"attachments":[],"parameters":[{"name":"projectName","value":"test_dhEKnYxmBY"},{"name":"buildTypeName","value":"test_nxTXjWMYUs"}],"attachmentsCount":0,"hasContent":true,"shouldDisplayMessage":false,"stepsCount":3},{"name":"Отправка запроса на получение данных о сущности","time":{"start":1743175667438,"stop":1743175667537,"duration":99},"status":"passed","steps":[],"attachments":[{"uid":"2998cae892cf2a3","name":"Request","source":"2998cae892cf2a3.html","type":"text/html","size":614},{"uid":"5fe088d15803e608","name":"HTTP/1.1 200 ","source":"5fe088d15803e608.html","type":"text/html","size":2264}],"parameters":[{"name":"locator","value":"name:test_dhEKnYxmBY"}],"attachmentsCount":2,"hasContent":true,"shouldDisplayMessage":false,"stepsCount":0},{"name":"Открытие страницы проекта  c projectId TestDhEKnYxmBY","time":{"start":1743175667548,"stop":1743175668379,"duration":831},"status":"passed","steps":[{"name":"$(\"open\") http://172.17.0.1:8111/project/TestDhEKnYxmBY","time":{"start":1743175667549,"stop":1743175668379,"duration":830},"status":"passed","steps":[],"attachments":[],"parameters":[],"attachmentsCount":0,"hasContent":false,"shouldDisplayMessage":false,"stepsCount":0}],"attachments":[],"parameters":[{"name":"projectId","value":"TestDhEKnYxmBY"}],"attachmentsCount":0,"hasContent":true,"shouldDisplayMessage":false,"stepsCount":1},{"name":"$(\"span[class*='ProjectPageHeader']\") should have(exact text \"test_dhEKnYxmBY\")","time":{"start":1743175668379,"stop":1743175669054,"duration":675},"status":"passed","steps":[],"attachments":[],"parameters":[],"attachmentsCount":0,"hasContent":false,"shouldDisplayMessage":false,"stepsCount":0},{"name":"Открытие страницы проектов","time":{"start":1743175669054,"stop":1743175670651,"duration":1597},"status":"passed","steps":[{"name":"$(\"open\") http://172.17.0.1:8111/favorite/projects","time":{"start":1743175669054,"stop":1743175669861,"duration":807},"status":"passed","steps":[],"attachments":[],"parameters":[],"attachmentsCount":0,"hasContent":false,"shouldDisplayMessage":false,"stepsCount":0},{"name":"$(\".MainPanel__router--gF > div\") should be([visible, 30 s.])","time":{"start":1743175669861,"stop":1743175670651,"duration":790},"status":"passed","steps":[],"attachments":[],"parameters":[],"attachmentsCount":0,"hasContent":false,"shouldDisplayMessage":false,"stepsCount":0}],"attachments":[],"parameters":[],"attachmentsCount":0,"hasContent":true,"shouldDisplayMessage":false,"stepsCount":2},{"name":"Получение всех проектов","time":{"start":1743175670653,"stop":1743175670674,"duration":21},"status":"passed","steps":[],"attachments":[],"parameters":[],"attachmentsCount":0,"hasContent":false,"shouldDisplayMessage":false,"stepsCount":0},{"name":"$(\"div[class*='Subproject__container'].snapshot(1 elements)[0]/span[class*='MiddleEllipsis']\") text()","time":{"start":1743175670679,"stop":1743175675239,"duration":4560},"status":"failed","statusMessage":"Element should exist {div[class*='Subproject__container'].snapshot(1 elements)[0]}\nElement: 'Ups, failed to describe the element [caused by: StaleElementReferenceException: stale element reference: stale element not found]'\nActual value: does not exist\nScreenshot: file:/home/runner/work/teamcity-testing-framework/teamcity-testing-framework/build/reports/tests/1743175674747.1.png\nPage source: file:/home/runner/work/teamcity-testing-framework/teamcity-testing-framework/build/reports/tests/1743175674747.1.html\nTimeout: 4 s.","statusTrace":"Element should exist {div[class*='Subproject__container'].snapshot(1 elements)[0]}\nElement: 'Ups, failed to describe the element [caused by: StaleElementReferenceException: stale element reference: stale element not found]'\nActual value: does not exist\nScreenshot: file:/home/runner/work/teamcity-testing-framework/teamcity-testing-framework/build/reports/tests/1743175674747.1.png\nPage source: file:/home/runner/work/teamcity-testing-framework/teamcity-testing-framework/build/reports/tests/1743175674747.1.html\nTimeout: 4 s.\n\tat com.codeborne.selenide.impl.WebElementSource.handleError(WebElementSource.java:148)\n\tat com.codeborne.selenide.impl.WebElementSource.checkConditionAndReturnElement(WebElementSource.java:126)\n\tat com.codeborne.selenide.impl.WebElementSource.checkCondition(WebElementSource.java:103)\n\tat com.codeborne.selenide.impl.ElementFinder.createElementNotFoundError(ElementFinder.java:139)\n\tat com.codeborne.selenide.impl.ExceptionWrapper.wrap(ExceptionWrapper.java:32)\n\tat com.codeborne.selenide.impl.SelenideElementProxy.dispatchAndRetry(SelenideElementProxy.java:156)\n\tat com.codeborne.selenide.impl.SelenideElementProxy.invoke(SelenideElementProxy.java:86)\n\tat jdk.proxy2/jdk.proxy2.$Proxy31.text(Unknown Source)\n\tat com.example.teamcity.ui.CreateProjectTest.lambda$userCreatesProject$0(CreateProjectTest.java:37)\n\tat java.base/java.util.stream.MatchOps$1MatchSink.accept(MatchOps.java:90)\n\tat java.base/java.util.AbstractList$RandomAccessSpliterator.tryAdvance(AbstractList.java:706)\n\tat java.base/java.util.stream.ReferencePipeline.forEachWithCancel(ReferencePipeline.java:129)\n\tat java.base/java.util.stream.AbstractPipeline.copyIntoWithCancel(AbstractPipeline.java:527)\n\tat java.base/java.util.stream.AbstractPipeline.copyInto(AbstractPipeline.java:513)\n\tat java.base/java.util.stream.AbstractPipeline.wrapAndCopyInto(AbstractPipeline.java:499)\n\tat java.base/java.util.stream.MatchOps$MatchOp.evaluateSequential(MatchOps.java:230)\n\tat java.base/java.util.stream.MatchOps$MatchOp.evaluateSequential(MatchOps.java:196)\n\tat java.base/java.util.stream.AbstractPipeline.evaluate(AbstractPipeline.java:234)\n\tat java.base/java.util.stream.ReferencePipeline.anyMatch(ReferencePipeline.java:632)\n\tat com.example.teamcity.ui.CreateProjectTest.userCreatesProject(CreateProjectTest.java:37)\n\tat java.base/jdk.internal.reflect.NativeMethodAccessorImpl.invoke0(Native Method)\n\tat java.base/jdk.internal.reflect.NativeMethodAccessorImpl.invoke(NativeMethodAccessorImpl.java:77)\n\tat java.base/jdk.internal.reflect.DelegatingMethodAccessorImpl.invoke(DelegatingMethodAccessorImpl.java:43)\n\tat java.base/java.lang.reflect.Method.invoke(Method.java:569)\n\tat org.testng.internal.invokers.MethodInvocationHelper.invokeMethod(MethodInvocationHelper.java:141)\n\tat org.testng.internal.invokers.TestInvoker.invokeMethod(TestInvoker.java:686)\n\tat org.testng.internal.invokers.TestInvoker.invokeTestMethod(TestInvoker.java:230)\n\tat org.testng.internal.invokers.MethodRunner.runInSequence(MethodRunner.java:63)\n\tat org.testng.internal.invokers.TestInvoker$MethodInvocationAgent.invoke(TestInvoker.java:992)\n\tat org.testng.internal.invokers.TestInvoker.invokeTestMethods(TestInvoker.java:203)\n\tat org.testng.internal.invokers.TestMethodWorker.invokeTestMethods(TestMethodWorker.java:154)\n\tat org.testng.internal.invokers.TestMethodWorker.run(TestMethodWorker.java:134)\n\tat java.base/java.util.ArrayList.forEach(ArrayList.java:1511)\n\tat org.testng.TestRunner.privateRun(TestRunner.java:739)\n\tat org.testng.TestRunner.run(TestRunner.java:614)\n\tat org.testng.SuiteRunner.runTest(SuiteRunner.java:421)\n\tat org.testng.SuiteRunner.runSequentially(SuiteRunner.java:413)\n\tat org.testng.SuiteRunner.privateRun(SuiteRunner.java:373)\n\tat org.testng.SuiteRunner.run(SuiteRunner.java:312)\n\tat org.testng.SuiteRunnerWorker.runSuite(SuiteRunnerWorker.java:52)\n\tat org.testng.SuiteRunnerWorker.run(SuiteRunnerWorker.java:95)\n\tat org.testng.TestNG.runSuitesSequentially(TestNG.java:1274)\n\tat org.testng.TestNG.runSuitesLocally(TestNG.java:1208)\n\tat org.testng.TestNG.runSuites(TestNG.java:1112)\n\tat org.testng.TestNG.run(TestNG.java:1079)\n\tat org.apache.maven.surefire.testng.TestNGExecutor.run(TestNGExecutor.java:155)\n\tat org.apache.maven.surefire.testng.TestNGDirectoryTestSuite.executeMulti(TestNGDirectoryTestSuite.java:169)\n\tat org.apache.maven.surefire.testng.TestNGDirectoryTestSuite.execute(TestNGDirectoryTestSuite.java:88)\n\tat org.apache.maven.surefire.testng.TestNGProvider.invoke(TestNGProvider.java:137)\n\tat org.apache.maven.surefire.booter.ForkedBooter.runSuitesInProcess(ForkedBooter.java:385)\n\tat org.apache.maven.surefire.booter.ForkedBooter.execute(ForkedBooter.java:162)\n\tat org.apache.maven.surefire.booter.ForkedBooter.run(ForkedBooter.java:507)\n\tat org.apache.maven.surefire.booter.ForkedBooter.main(ForkedBooter.java:495)\n","steps":[],"attachments":[{"uid":"1b6a70eee409e395","name":"Screenshot","source":"1b6a70eee409e395.png","type":"image/png","size":69672},{"uid":"8e594ced6d7f653","name":"Page source","source":"8e594ced6d7f653.html","type":"text/html","size":196766}],"parameters":[],"attachmentsCount":2,"hasContent":true,"shouldDisplayMessage":true,"stepsCount":0}],"attachments":[],"parameters":[],"attachmentsCount":6,"hasContent":true,"shouldDisplayMessage":false,"stepsCount":28},"afterStages":[{"name":"closeWebDriver","time":{"start":1743175675250,"stop":1743175675320,"duration":70},"description":"","status":"passed","steps":[{"name":"$(\"webdriver\") close()","time":{"start":1743175675250,"stop":1743175675320,"duration":70},"status":"passed","steps":[],"attachments":[],"parameters":[],"attachmentsCount":0,"hasContent":false,"shouldDisplayMessage":false,"stepsCount":0}],"attachments":[],"parameters":[],"attachmentsCount":0,"hasContent":true,"shouldDisplayMessage":false,"stepsCount":1},{"name":"afterTest","time":{"start":1743175675324,"stop":1743175675438,"duration":114},"description":"","status":"passed","steps":[{"name":"Отправка запроса на удаление  сущности","time":{"start":1743175675327,"stop":1743175675438,"duration":111},"status":"passed","steps":[],"attachments":[{"uid":"7b20fc662f978496","name":"Request","source":"7b20fc662f978496.html","type":"text/html","size":572},{"uid":"c57f1b08118e97ea","name":"HTTP/1.1 404 ","source":"c57f1b08118e97ea.html","type":"text/html","size":823}],"parameters":[{"name":"locator","value":"2"}],"attachmentsCount":2,"hasContent":true,"shouldDisplayMessage":false,"stepsCount":0}],"attachments":[],"parameters":[],"attachmentsCount":2,"hasContent":true,"shouldDisplayMessage":false,"stepsCount":1}],"labels":[{"name":"package","value":"com.example.teamcity.ui.CreateProjectTest"},{"name":"testClass","value":"com.example.teamcity.ui.CreateProjectTest"},{"name":"testMethod","value":"userCreatesProject"},{"name":"parentSuite","value":"Surefire suite"},{"name":"suite","value":"Surefire test"},{"name":"subSuite","value":"com.example.teamcity.ui.CreateProjectTest"},{"name":"host","value":"fv-az802-666"},{"name":"thread","value":"4074@fv-az802-666.main(1)"},{"name":"framework","value":"testng"},{"name":"language","value":"java"},{"name":"resultFormat","value":"allure2"}],"parameters":[],"links":[],"hidden":false,"retry":false,"extra":{"severity":"normal","retries":[],"categories":[{"name":"Product defects","matchedStatuses":[],"flaky":false}],"history":{"statistic":{"failed":10,"broken":0,"skipped":0,"passed":24,"unknown":0,"total":34},"items":[{"uid":"b45a16d103878c72","reportUrl":"https://Starford-newchapter.github.io/teamcity-testing-framework/ui/37//#testresult/b45a16d103878c72","status":"failed","statusDetails":"1 expectation failed.\nExpected status code <200> but was <404>.\n","time":{"start":1743175142866,"stop":1743175161224,"duration":18358}},{"uid":"c1b36a420e17d820","reportUrl":"https://Starford-newchapter.github.io/teamcity-testing-framework/ui/36//#testresult/c1b36a420e17d820","status":"passed","time":{"start":1743174750830,"stop":1743174774861,"duration":24031}},{"uid":"798e11af9ea0f910","reportUrl":"https://Starford-newchapter.github.io/teamcity-testing-framework/ui/35//#testresult/798e11af9ea0f910","status":"passed","time":{"start":1743174345858,"stop":1743174370110,"duration":24252}},{"uid":"d797a37201c9dbeb","reportUrl":"https://Starford-newchapter.github.io/teamcity-testing-framework/ui/34//#testresult/d797a37201c9dbeb","status":"passed","time":{"start":1743173947217,"stop":1743173970942,"duration":23725}},{"uid":"a2cb6a346db8e01f","reportUrl":"https://Starford-newchapter.github.io/teamcity-testing-framework/ui/33//#testresult/a2cb6a346db8e01f","status":"passed","time":{"start":1743173530317,"stop":1743173554776,"duration":24459}},{"uid":"b86e0ba3fc15a80c","reportUrl":"https://Starford-newchapter.github.io/teamcity-testing-framework/ui/32//#testresult/b86e0ba3fc15a80c","status":"failed","statusDetails":"1 expectation failed.\nExpected status code <200> but was <404>.\n","time":{"start":1743173068629,"stop":1743173089441,"duration":20812}},{"uid":"10369089d38af3a9","reportUrl":"https://Starford-newchapter.github.io/teamcity-testing-framework/ui/32//#testresult/10369089d38af3a9","status":"passed","time":{"start":1743172567295,"stop":1743172591036,"duration":23741}},{"uid":"2cb260bdc95656bc","reportUrl":"https://Starford-newchapter.github.io/teamcity-testing-framework/ui/31//#testresult/2cb260bdc95656bc","status":"passed","time":{"start":1743170858540,"stop":1743170884157,"duration":25617}},{"uid":"2286114c1ed0a9ed","reportUrl":"https://Starford-newchapter.github.io/teamcity-testing-framework/ui/30//#testresult/2286114c1ed0a9ed","status":"passed","time":{"start":1743170249223,"stop":1743170274764,"duration":25541}},{"uid":"1259fbe55a9c6c00","reportUrl":"https://Starford-newchapter.github.io/teamcity-testing-framework/ui/29//#testresult/1259fbe55a9c6c00","status":"passed","time":{"start":1743169596445,"stop":1743169620936,"duration":24491}},{"uid":"fde26d161fddf91b","reportUrl":"https://Starford-newchapter.github.io/teamcity-testing-framework/ui/28//#testresult/fde26d161fddf91b","status":"passed","time":{"start":1743168784821,"stop":1743168809577,"duration":24756}},{"uid":"b361d21bcb4c1e95","reportUrl":"https://Starford-newchapter.github.io/teamcity-testing-framework/ui/27//#testresult/b361d21bcb4c1e95","status":"passed","time":{"start":1743167761299,"stop":1743167784795,"duration":23496}},{"uid":"9ca7daa41d164a3c","reportUrl":"https://Starford-newchapter.github.io/teamcity-testing-framework/ui/26//#testresult/9ca7daa41d164a3c","status":"passed","time":{"start":1743165586106,"stop":1743165609891,"duration":23785}},{"uid":"6c7ca4faecdb3a90","reportUrl":"https://Starford-newchapter.github.io/teamcity-testing-framework/ui/25//#testresult/6c7ca4faecdb3a90","status":"passed","time":{"start":1743153951945,"stop":1743153975443,"duration":23498}},{"uid":"5e2adcd3db08febc","reportUrl":"https://Starford-newchapter.github.io/teamcity-testing-framework/ui/24//#testresult/5e2adcd3db08febc","status":"failed","statusDetails":"Element should exist {div[class*='Subproject__container'].snapshot(1 elements)[0]}\nElement: 'Ups, failed to describe the element [caused by: StaleElementReferenceException: stale element reference: stale element not found]'\nActual value: does not exist\nScreenshot: file:/home/runner/work/teamcity-testing-framework/teamcity-testing-framework/build/reports/tests/1743152533220.0.png\nPage source: file:/home/runner/work/teamcity-testing-framework/teamcity-testing-framework/build/reports/tests/1743152533220.0.html\nTimeout: 4 s.","time":{"start":1743152505061,"stop":1743152533811,"duration":28750}},{"uid":"895e44de9d2320cc","reportUrl":"https://Starford-newchapter.github.io/teamcity-testing-framework/ui/24//#testresult/895e44de9d2320cc","status":"passed","time":{"start":1743151283878,"stop":1743151309007,"duration":25129}},{"uid":"e6ef4307467b0130","reportUrl":"https://Starford-newchapter.github.io/teamcity-testing-framework/ui/23//#testresult/e6ef4307467b0130","status":"passed","time":{"start":1743150624014,"stop":1743150647200,"duration":23186}},{"uid":"4d25e90c09b7a1a9","reportUrl":"https://Starford-newchapter.github.io/teamcity-testing-framework/ui/22//#testresult/4d25e90c09b7a1a9","status":"passed","time":{"start":1743147431027,"stop":1743147454619,"duration":23592}},{"uid":"88014a62b9bfb125","reportUrl":"https://Starford-newchapter.github.io/teamcity-testing-framework/ui/21//#testresult/88014a62b9bfb125","status":"passed","time":{"start":1743144959637,"stop":1743144982021,"duration":22384}},{"uid":"68498be60f9e2e4f","reportUrl":"https://Starford-newchapter.github.io/teamcity-testing-framework/ui/21//#testresult/68498be60f9e2e4f","status":"passed","time":{"start":1743144588760,"stop":1743144612710,"duration":23950}}]},"tags":[]},"source":"c1020907d138e65c.json","parameterValues":[]}