{"uid":"c93466b4d448df5e","name":"User should be able to run build  with step","fullName":"com.example.teamcity.api.BuildTypeTest.userCreatesAndRunBuildTypeWithStepTest","historyId":"9cfb9da5494555fca8659724c83fd6ed","time":{"start":1744214490850,"stop":1744214507942,"duration":17092},"status":"broken","statusMessage":"Condition with Lambda expression in com.example.teamcity.api.BuildTypeTest was not fulfilled within 15 seconds.","statusTrace":"org.awaitility.core.ConditionTimeoutException: Condition with Lambda expression in com.example.teamcity.api.BuildTypeTest was not fulfilled within 15 seconds.\n\tat org.awaitility.core.ConditionAwaiter.await(ConditionAwaiter.java:167)\n\tat org.awaitility.core.CallableCondition.await(CallableCondition.java:78)\n\tat org.awaitility.core.CallableCondition.await(CallableCondition.java:26)\n\tat org.awaitility.core.ConditionFactory.until(ConditionFactory.java:1160)\n\tat org.awaitility.core.ConditionFactory.until(ConditionFactory.java:1129)\n\tat com.example.teamcity.api.BuildTypeTest.waitUntilBuildIsFinished(BuildTypeTest.java:175)\n\tat com.example.teamcity.api.BuildTypeTest.userCreatesAndRunBuildTypeWithStepTest(BuildTypeTest.java:162)\n\tat java.base/jdk.internal.reflect.NativeMethodAccessorImpl.invoke0(Native Method)\n\tat java.base/jdk.internal.reflect.NativeMethodAccessorImpl.invoke(NativeMethodAccessorImpl.java:77)\n\tat java.base/jdk.internal.reflect.DelegatingMethodAccessorImpl.invoke(DelegatingMethodAccessorImpl.java:43)\n\tat java.base/java.lang.reflect.Method.invoke(Method.java:569)\n\tat org.testng.internal.invokers.MethodInvocationHelper.invokeMethod(MethodInvocationHelper.java:141)\n\tat org.testng.internal.invokers.TestInvoker.invokeMethod(TestInvoker.java:686)\n\tat org.testng.internal.invokers.TestInvoker.invokeTestMethod(TestInvoker.java:230)\n\tat org.testng.internal.invokers.MethodRunner.runInSequence(MethodRunner.java:63)\n\tat org.testng.internal.invokers.TestInvoker$MethodInvocationAgent.invoke(TestInvoker.java:992)\n\tat org.testng.internal.invokers.TestInvoker.invokeTestMethods(TestInvoker.java:203)\n\tat org.testng.internal.invokers.TestMethodWorker.invokeTestMethods(TestMethodWorker.java:154)\n\tat org.testng.internal.invokers.TestMethodWorker.run(TestMethodWorker.java:134)\n\tat java.base/java.util.ArrayList.forEach(ArrayList.java:1511)\n\tat org.testng.TestRunner.privateRun(TestRunner.java:739)\n\tat org.testng.TestRunner.run(TestRunner.java:614)\n\tat org.testng.SuiteRunner.runTest(SuiteRunner.java:421)\n\tat org.testng.SuiteRunner.runSequentially(SuiteRunner.java:413)\n\tat org.testng.SuiteRunner.privateRun(SuiteRunner.java:373)\n\tat org.testng.SuiteRunner.run(SuiteRunner.java:312)\n\tat org.testng.SuiteRunnerWorker.runSuite(SuiteRunnerWorker.java:52)\n\tat org.testng.SuiteRunnerWorker.run(SuiteRunnerWorker.java:95)\n\tat org.testng.TestNG.runSuitesSequentially(TestNG.java:1274)\n\tat org.testng.TestNG.runSuitesLocally(TestNG.java:1208)\n\tat org.testng.TestNG.runSuites(TestNG.java:1112)\n\tat org.testng.TestNG.run(TestNG.java:1079)\n\tat org.apache.maven.surefire.testng.TestNGExecutor.run(TestNGExecutor.java:155)\n\tat org.apache.maven.surefire.testng.TestNGDirectoryTestSuite.executeMulti(TestNGDirectoryTestSuite.java:169)\n\tat org.apache.maven.surefire.testng.TestNGDirectoryTestSuite.execute(TestNGDirectoryTestSuite.java:88)\n\tat org.apache.maven.surefire.testng.TestNGProvider.invoke(TestNGProvider.java:137)\n\tat org.apache.maven.surefire.booter.ForkedBooter.runSuitesInProcess(ForkedBooter.java:385)\n\tat org.apache.maven.surefire.booter.ForkedBooter.execute(ForkedBooter.java:162)\n\tat org.apache.maven.surefire.booter.ForkedBooter.run(ForkedBooter.java:507)\n\tat org.apache.maven.surefire.booter.ForkedBooter.main(ForkedBooter.java:495)\n","flaky":false,"newFailed":false,"newBroken":false,"newPassed":false,"retriesCount":0,"retriesStatusChange":false,"beforeStages":[{"name":"beforeTest","time":{"start":1744214490843,"stop":1744214490844,"duration":1},"description":"","status":"passed","steps":[],"attachments":[],"parameters":[],"stepsCount":0,"attachmentsCount":0,"hasContent":false,"shouldDisplayMessage":false}],"testStage":{"status":"broken","statusMessage":"Condition with Lambda expression in com.example.teamcity.api.BuildTypeTest was not fulfilled within 15 seconds.","statusTrace":"org.awaitility.core.ConditionTimeoutException: Condition with Lambda expression in com.example.teamcity.api.BuildTypeTest was not fulfilled within 15 seconds.\n\tat org.awaitility.core.ConditionAwaiter.await(ConditionAwaiter.java:167)\n\tat org.awaitility.core.CallableCondition.await(CallableCondition.java:78)\n\tat org.awaitility.core.CallableCondition.await(CallableCondition.java:26)\n\tat org.awaitility.core.ConditionFactory.until(ConditionFactory.java:1160)\n\tat org.awaitility.core.ConditionFactory.until(ConditionFactory.java:1129)\n\tat com.example.teamcity.api.BuildTypeTest.waitUntilBuildIsFinished(BuildTypeTest.java:175)\n\tat com.example.teamcity.api.BuildTypeTest.userCreatesAndRunBuildTypeWithStepTest(BuildTypeTest.java:162)\n\tat java.base/jdk.internal.reflect.NativeMethodAccessorImpl.invoke0(Native Method)\n\tat java.base/jdk.internal.reflect.NativeMethodAccessorImpl.invoke(NativeMethodAccessorImpl.java:77)\n\tat java.base/jdk.internal.reflect.DelegatingMethodAccessorImpl.invoke(DelegatingMethodAccessorImpl.java:43)\n\tat java.base/java.lang.reflect.Method.invoke(Method.java:569)\n\tat org.testng.internal.invokers.MethodInvocationHelper.invokeMethod(MethodInvocationHelper.java:141)\n\tat org.testng.internal.invokers.TestInvoker.invokeMethod(TestInvoker.java:686)\n\tat org.testng.internal.invokers.TestInvoker.invokeTestMethod(TestInvoker.java:230)\n\tat org.testng.internal.invokers.MethodRunner.runInSequence(MethodRunner.java:63)\n\tat org.testng.internal.invokers.TestInvoker$MethodInvocationAgent.invoke(TestInvoker.java:992)\n\tat org.testng.internal.invokers.TestInvoker.invokeTestMethods(TestInvoker.java:203)\n\tat org.testng.internal.invokers.TestMethodWorker.invokeTestMethods(TestMethodWorker.java:154)\n\tat org.testng.internal.invokers.TestMethodWorker.run(TestMethodWorker.java:134)\n\tat java.base/java.util.ArrayList.forEach(ArrayList.java:1511)\n\tat org.testng.TestRunner.privateRun(TestRunner.java:739)\n\tat org.testng.TestRunner.run(TestRunner.java:614)\n\tat org.testng.SuiteRunner.runTest(SuiteRunner.java:421)\n\tat org.testng.SuiteRunner.runSequentially(SuiteRunner.java:413)\n\tat org.testng.SuiteRunner.privateRun(SuiteRunner.java:373)\n\tat org.testng.SuiteRunner.run(SuiteRunner.java:312)\n\tat org.testng.SuiteRunnerWorker.runSuite(SuiteRunnerWorker.java:52)\n\tat org.testng.SuiteRunnerWorker.run(SuiteRunnerWorker.java:95)\n\tat org.testng.TestNG.runSuitesSequentially(TestNG.java:1274)\n\tat org.testng.TestNG.runSuitesLocally(TestNG.java:1208)\n\tat org.testng.TestNG.runSuites(TestNG.java:1112)\n\tat org.testng.TestNG.run(TestNG.java:1079)\n\tat org.apache.maven.surefire.testng.TestNGExecutor.run(TestNGExecutor.java:155)\n\tat org.apache.maven.surefire.testng.TestNGDirectoryTestSuite.executeMulti(TestNGDirectoryTestSuite.java:169)\n\tat org.apache.maven.surefire.testng.TestNGDirectoryTestSuite.execute(TestNGDirectoryTestSuite.java:88)\n\tat org.apache.maven.surefire.testng.TestNGProvider.invoke(TestNGProvider.java:137)\n\tat org.apache.maven.surefire.booter.ForkedBooter.runSuitesInProcess(ForkedBooter.java:385)\n\tat org.apache.maven.surefire.booter.ForkedBooter.execute(ForkedBooter.java:162)\n\tat org.apache.maven.surefire.booter.ForkedBooter.run(ForkedBooter.java:507)\n\tat org.apache.maven.surefire.booter.ForkedBooter.main(ForkedBooter.java:495)\n","steps":[{"name":"Create project","time":{"start":1744214490850,"stop":1744214490969,"duration":119},"status":"passed","steps":[{"name":"Отправка запроса на создание сущности","time":{"start":1744214490850,"stop":1744214490965,"duration":115},"status":"passed","steps":[],"attachments":[{"uid":"765bb03aa87e425b","name":"Request","source":"765bb03aa87e425b.html","type":"text/html","size":1357},{"uid":"a7fa1377bff5b6f1","name":"HTTP/1.1 200 ","source":"a7fa1377bff5b6f1.html","type":"text/html","size":2124}],"parameters":[{"name":"model","value":"User(id=null, username=test_irCgPJUAyd, password=test_VzgiupvGMN, roles=Roles(role=[Role(roleId=SYSTEM_ADMIN, scope=g)]))"}],"stepsCount":0,"attachmentsCount":2,"hasContent":true,"shouldDisplayMessage":false}],"attachments":[],"parameters":[],"stepsCount":1,"attachmentsCount":2,"hasContent":true,"shouldDisplayMessage":false},{"name":"Create project","time":{"start":1744214490970,"stop":1744214491062,"duration":92},"status":"passed","steps":[{"name":"Отправка запроса на создание сущности","time":{"start":1744214490970,"stop":1744214491060,"duration":90},"status":"passed","steps":[],"attachments":[{"uid":"d38273539a337013","name":"Request","source":"d38273539a337013.html","type":"text/html","size":935},{"uid":"d58239c9e8330e37","name":"HTTP/1.1 200 ","source":"d58239c9e8330e37.html","type":"text/html","size":2270}],"parameters":[{"name":"model","value":"Project(id=test_IrYxdPmtzv, name=test_tavrelXyEF, locator=null)"}],"stepsCount":0,"attachmentsCount":2,"hasContent":true,"shouldDisplayMessage":false}],"attachments":[],"parameters":[],"stepsCount":1,"attachmentsCount":2,"hasContent":true,"shouldDisplayMessage":false},{"name":"Create build with step CommandLine","time":{"start":1744214491063,"stop":1744214491226,"duration":163},"status":"passed","steps":[{"name":"Отправка запроса на создание сущности","time":{"start":1744214491064,"stop":1744214491217,"duration":153},"status":"passed","steps":[],"attachments":[{"uid":"9201a0821ce34cef","name":"Request","source":"9201a0821ce34cef.html","type":"text/html","size":2737},{"uid":"7837b4d30af58387","name":"HTTP/1.1 200 ","source":"7837b4d30af58387.html","type":"text/html","size":3819}],"parameters":[{"name":"model","value":"BuildType(id=test_hzfrhZgQfy, name=test_QymZYMMOah, project=Project(id=test_IrYxdPmtzv, name=test_tavrelXyEF, locator=null), steps=Steps(step=[Step(name=test_WCVYtqMmro, type=simpleRunner, properties=Properties(property=[Property(name=script.content, value=echo 'Hello World!'), Property(name=use.custom.script, value=true)]))]))"}],"stepsCount":0,"attachmentsCount":2,"hasContent":true,"shouldDisplayMessage":false}],"attachments":[],"parameters":[],"stepsCount":1,"attachmentsCount":2,"hasContent":true,"shouldDisplayMessage":false},{"name":"Отправка запроса на создание сущности","time":{"start":1744214491231,"stop":1744214492384,"duration":1153},"status":"passed","steps":[],"attachments":[{"uid":"22973451f0864cd7","name":"Request","source":"22973451f0864cd7.html","type":"text/html","size":3133},{"uid":"336c3cf143ad56a8","name":"HTTP/1.1 200 ","source":"336c3cf143ad56a8.html","type":"text/html","size":2288}],"parameters":[{"name":"model","value":"Build(id=null, buildType=BuildType(id=test_hzfrhZgQfy, name=test_QymZYMMOah, project=Project(id=test_IrYxdPmtzv, name=test_tavrelXyEF, locator=null), steps=Steps(step=[Step(name=test_WCVYtqMmro, type=simpleRunner, properties=Properties(property=[Property(name=script.content, value=echo 'Hello World!'), Property(name=use.custom.script, value=true)]))])), state=null, status=null)"}],"stepsCount":0,"attachmentsCount":2,"hasContent":true,"shouldDisplayMessage":false},{"name":"Wait until build is finished","time":{"start":1744214492404,"stop":1744214507941,"duration":15537},"status":"broken","statusMessage":"Condition with Lambda expression in com.example.teamcity.api.BuildTypeTest was not fulfilled within 15 seconds.","statusTrace":"org.awaitility.core.ConditionTimeoutException: Condition with Lambda expression in com.example.teamcity.api.BuildTypeTest was not fulfilled within 15 seconds.\n\tat org.awaitility.core.ConditionAwaiter.await(ConditionAwaiter.java:167)\n\tat org.awaitility.core.CallableCondition.await(CallableCondition.java:78)\n\tat org.awaitility.core.CallableCondition.await(CallableCondition.java:26)\n\tat org.awaitility.core.ConditionFactory.until(ConditionFactory.java:1160)\n\tat org.awaitility.core.ConditionFactory.until(ConditionFactory.java:1129)\n\tat com.example.teamcity.api.BuildTypeTest.waitUntilBuildIsFinished(BuildTypeTest.java:175)\n\tat com.example.teamcity.api.BuildTypeTest.userCreatesAndRunBuildTypeWithStepTest(BuildTypeTest.java:162)\n\tat java.base/jdk.internal.reflect.NativeMethodAccessorImpl.invoke0(Native Method)\n\tat java.base/jdk.internal.reflect.NativeMethodAccessorImpl.invoke(NativeMethodAccessorImpl.java:77)\n\tat java.base/jdk.internal.reflect.DelegatingMethodAccessorImpl.invoke(DelegatingMethodAccessorImpl.java:43)\n\tat java.base/java.lang.reflect.Method.invoke(Method.java:569)\n\tat org.testng.internal.invokers.MethodInvocationHelper.invokeMethod(MethodInvocationHelper.java:141)\n\tat org.testng.internal.invokers.TestInvoker.invokeMethod(TestInvoker.java:686)\n\tat org.testng.internal.invokers.TestInvoker.invokeTestMethod(TestInvoker.java:230)\n\tat org.testng.internal.invokers.MethodRunner.runInSequence(MethodRunner.java:63)\n\tat org.testng.internal.invokers.TestInvoker$MethodInvocationAgent.invoke(TestInvoker.java:992)\n\tat org.testng.internal.invokers.TestInvoker.invokeTestMethods(TestInvoker.java:203)\n\tat org.testng.internal.invokers.TestMethodWorker.invokeTestMethods(TestMethodWorker.java:154)\n\tat org.testng.internal.invokers.TestMethodWorker.run(TestMethodWorker.java:134)\n\tat java.base/java.util.ArrayList.forEach(ArrayList.java:1511)\n\tat org.testng.TestRunner.privateRun(TestRunner.java:739)\n\tat org.testng.TestRunner.run(TestRunner.java:614)\n\tat org.testng.SuiteRunner.runTest(SuiteRunner.java:421)\n\tat org.testng.SuiteRunner.runSequentially(SuiteRunner.java:413)\n\tat org.testng.SuiteRunner.privateRun(SuiteRunner.java:373)\n\tat org.testng.SuiteRunner.run(SuiteRunner.java:312)\n\tat org.testng.SuiteRunnerWorker.runSuite(SuiteRunnerWorker.java:52)\n\tat org.testng.SuiteRunnerWorker.run(SuiteRunnerWorker.java:95)\n\tat org.testng.TestNG.runSuitesSequentially(TestNG.java:1274)\n\tat org.testng.TestNG.runSuitesLocally(TestNG.java:1208)\n\tat org.testng.TestNG.runSuites(TestNG.java:1112)\n\tat org.testng.TestNG.run(TestNG.java:1079)\n\tat org.apache.maven.surefire.testng.TestNGExecutor.run(TestNGExecutor.java:155)\n\tat org.apache.maven.surefire.testng.TestNGDirectoryTestSuite.executeMulti(TestNGDirectoryTestSuite.java:169)\n\tat org.apache.maven.surefire.testng.TestNGDirectoryTestSuite.execute(TestNGDirectoryTestSuite.java:88)\n\tat org.apache.maven.surefire.testng.TestNGProvider.invoke(TestNGProvider.java:137)\n\tat org.apache.maven.surefire.booter.ForkedBooter.runSuitesInProcess(ForkedBooter.java:385)\n\tat org.apache.maven.surefire.booter.ForkedBooter.execute(ForkedBooter.java:162)\n\tat org.apache.maven.surefire.booter.ForkedBooter.run(ForkedBooter.java:507)\n\tat org.apache.maven.surefire.booter.ForkedBooter.main(ForkedBooter.java:495)\n","steps":[{"name":"Отправка запроса на получение данных о сущности","time":{"start":1744214495441,"stop":1744214495563,"duration":122},"status":"passed","steps":[],"attachments":[{"uid":"58ef852b7d5bc99","name":"Request","source":"58ef852b7d5bc99.html","type":"text/html","size":518},{"uid":"217d5a168626f1f6","name":"HTTP/1.1 200 ","source":"217d5a168626f1f6.html","type":"text/html","size":2311}],"parameters":[{"name":"locator","value":"id:1"}],"stepsCount":0,"attachmentsCount":2,"hasContent":true,"shouldDisplayMessage":false},{"name":"Отправка запроса на получение данных о сущности","time":{"start":1744214498578,"stop":1744214498703,"duration":125},"status":"passed","steps":[],"attachments":[{"uid":"5799367b03eca7d","name":"Request","source":"5799367b03eca7d.html","type":"text/html","size":518},{"uid":"b08440decb1b82d","name":"HTTP/1.1 200 ","source":"b08440decb1b82d.html","type":"text/html","size":2311}],"parameters":[{"name":"locator","value":"id:1"}],"stepsCount":0,"attachmentsCount":2,"hasContent":true,"shouldDisplayMessage":false},{"name":"Отправка запроса на получение данных о сущности","time":{"start":1744214501715,"stop":1744214501833,"duration":118},"status":"passed","steps":[],"attachments":[{"uid":"a6771c420a598c0b","name":"Request","source":"a6771c420a598c0b.html","type":"text/html","size":518},{"uid":"f97051936f3e956f","name":"HTTP/1.1 200 ","source":"f97051936f3e956f.html","type":"text/html","size":2311}],"parameters":[{"name":"locator","value":"id:1"}],"stepsCount":0,"attachmentsCount":2,"hasContent":true,"shouldDisplayMessage":false},{"name":"Отправка запроса на получение данных о сущности","time":{"start":1744214504842,"stop":1744214504929,"duration":87},"status":"passed","steps":[],"attachments":[{"uid":"97a49de51b2cf024","name":"Request","source":"97a49de51b2cf024.html","type":"text/html","size":518},{"uid":"5067337832cc001d","name":"HTTP/1.1 200 ","source":"5067337832cc001d.html","type":"text/html","size":2311}],"parameters":[{"name":"locator","value":"id:1"}],"stepsCount":0,"attachmentsCount":2,"hasContent":true,"shouldDisplayMessage":false}],"attachments":[],"parameters":[{"name":"build","value":"Build(id=1, buildType=BuildType(id=test_hzfrhZgQfy, name=test_QymZYMMOah, project=null, steps=null), state=queued, status=null)"}],"stepsCount":4,"attachmentsCount":8,"hasContent":true,"shouldDisplayMessage":true}],"attachments":[],"parameters":[],"stepsCount":12,"attachmentsCount":16,"hasContent":true,"shouldDisplayMessage":false},"afterStages":[{"name":"afterTest","time":{"start":1744214507950,"stop":1744214508186,"duration":236},"description":"","status":"passed","steps":[{"name":"Отправка запроса на удаление  сущности","time":{"start":1744214507951,"stop":1744214508002,"duration":51},"status":"passed","steps":[],"attachments":[{"uid":"5e3368cd34cbf452","name":"Request","source":"5e3368cd34cbf452.html","type":"text/html","size":610},{"uid":"cf63360cae39fe08","name":"HTTP/1.1 204 ","source":"cf63360cae39fe08.html","type":"text/html","size":478}],"parameters":[{"name":"locator","value":"test_hzfrhZgQfy"}],"stepsCount":0,"attachmentsCount":2,"hasContent":true,"shouldDisplayMessage":false},{"name":"Отправка запроса на удаление  сущности","time":{"start":1744214508003,"stop":1744214508057,"duration":54},"status":"passed","steps":[],"attachments":[{"uid":"f1f56c19dcebaa04","name":"Request","source":"f1f56c19dcebaa04.html","type":"text/html","size":582},{"uid":"a82dcd8d49b292f0","name":"HTTP/1.1 404 ","source":"a82dcd8d49b292f0.html","type":"text/html","size":858}],"parameters":[{"name":"locator","value":"1"}],"stepsCount":0,"attachmentsCount":2,"hasContent":true,"shouldDisplayMessage":false},{"name":"Отправка запроса на удаление  сущности","time":{"start":1744214508061,"stop":1744214508121,"duration":60},"status":"passed","steps":[],"attachments":[{"uid":"d954f27027215fc8","name":"Request","source":"d954f27027215fc8.html","type":"text/html","size":572},{"uid":"17804616387ee5a3","name":"HTTP/1.1 404 ","source":"17804616387ee5a3.html","type":"text/html","size":823}],"parameters":[{"name":"locator","value":"4"}],"stepsCount":0,"attachmentsCount":2,"hasContent":true,"shouldDisplayMessage":false},{"name":"Отправка запроса на удаление  сущности","time":{"start":1744214508123,"stop":1744214508186,"duration":63},"status":"passed","steps":[],"attachments":[{"uid":"778c2086c4886ca2","name":"Request","source":"778c2086c4886ca2.html","type":"text/html","size":606},{"uid":"37d93f6a1038e196","name":"HTTP/1.1 204 ","source":"37d93f6a1038e196.html","type":"text/html","size":478}],"parameters":[{"name":"locator","value":"test_IrYxdPmtzv"}],"stepsCount":0,"attachmentsCount":2,"hasContent":true,"shouldDisplayMessage":false}],"attachments":[],"parameters":[],"stepsCount":4,"attachmentsCount":8,"hasContent":true,"shouldDisplayMessage":false}],"labels":[{"name":"package","value":"com.example.teamcity.api.BuildTypeTest"},{"name":"testClass","value":"com.example.teamcity.api.BuildTypeTest"},{"name":"testMethod","value":"userCreatesAndRunBuildTypeWithStepTest"},{"name":"parentSuite","value":"Surefire suite"},{"name":"suite","value":"Surefire test"},{"name":"subSuite","value":"com.example.teamcity.api.BuildTypeTest"},{"name":"host","value":"fv-az1277-646"},{"name":"thread","value":"4077@fv-az1277-646.main(1)"},{"name":"framework","value":"testng"},{"name":"language","value":"java"},{"name":"resultFormat","value":"allure2"}],"parameters":[],"links":[],"hidden":false,"retry":false,"extra":{"severity":"normal","retries":[],"categories":[{"name":"Test defects","matchedStatuses":[],"flaky":false}],"history":{"statistic":{"failed":0,"broken":3,"skipped":0,"passed":0,"unknown":0,"total":3},"items":[{"uid":"31b4740e40ac838b","reportUrl":"https://Starford-newchapter.github.io/teamcity-testing-framework/api/44//#testresult/31b4740e40ac838b","status":"broken","statusDetails":"Condition with Lambda expression in com.example.teamcity.api.BuildTypeTest was not fulfilled within 15 seconds.","time":{"start":1744137643562,"stop":1744137660704,"duration":17142}},{"uid":"162eed9367332a87","reportUrl":"https://Starford-newchapter.github.io/teamcity-testing-framework/api/43//#testresult/162eed9367332a87","status":"broken","statusDetails":"Condition with Lambda expression in com.example.teamcity.api.BuildTypeTest was not fulfilled within 15 seconds.","time":{"start":1744128207164,"stop":1744128224113,"duration":16949}}]},"tags":[]},"source":"c93466b4d448df5e.json","parameterValues":[]}