{"uid":"e1cdcb258dbb8b35","name":"User should be able to create build step","fullName":"com.example.teamcity.ui.CreateBuildTest.userCreatesBuildStep","historyId":"937fb1ed53ba982ba00ea56924fdee6f","time":{"start":1743169639061,"stop":1743169639578,"duration":517},"status":"failed","statusMessage":"1 expectation failed.\nExpected status code <200> but was <500>.\n","statusTrace":"java.lang.AssertionError: 1 expectation failed.\nExpected status code <200> but was <500>.\n\n\tat java.base/jdk.internal.reflect.NativeConstructorAccessorImpl.newInstance0(Native Method)\n\tat java.base/jdk.internal.reflect.NativeConstructorAccessorImpl.newInstance(NativeConstructorAccessorImpl.java:77)\n\tat java.base/jdk.internal.reflect.DelegatingConstructorAccessorImpl.newInstance(DelegatingConstructorAccessorImpl.java:45)\n\tat java.base/java.lang.reflect.Constructor.newInstanceWithCaller(Constructor.java:500)\n\tat java.base/java.lang.reflect.Constructor.newInstance(Constructor.java:481)\n\tat org.codehaus.groovy.reflection.CachedConstructor.invoke(CachedConstructor.java:73)\n\tat org.codehaus.groovy.runtime.callsite.ConstructorSite$ConstructorSiteNoUnwrapNoCoerce.callConstructor(ConstructorSite.java:108)\n\tat org.codehaus.groovy.runtime.callsite.CallSiteArray.defaultCallConstructor(CallSiteArray.java:57)\n\tat org.codehaus.groovy.runtime.callsite.AbstractCallSite.callConstructor(AbstractCallSite.java:263)\n\tat org.codehaus.groovy.runtime.callsite.AbstractCallSite.callConstructor(AbstractCallSite.java:277)\n\tat io.restassured.internal.ResponseSpecificationImpl$HamcrestAssertionClosure.validate(ResponseSpecificationImpl.groovy:512)\n\tat io.restassured.internal.ResponseSpecificationImpl$HamcrestAssertionClosure$validate$1.call(Unknown Source)\n\tat io.restassured.internal.ResponseSpecificationImpl.validateResponseIfRequired(ResponseSpecificationImpl.groovy:696)\n\tat io.restassured.internal.ResponseSpecificationImpl.this$2$validateResponseIfRequired(ResponseSpecificationImpl.groovy)\n\tat java.base/jdk.internal.reflect.NativeMethodAccessorImpl.invoke0(Native Method)\n\tat java.base/jdk.internal.reflect.NativeMethodAccessorImpl.invoke(NativeMethodAccessorImpl.java:77)\n\tat java.base/jdk.internal.reflect.DelegatingMethodAccessorImpl.invoke(DelegatingMethodAccessorImpl.java:43)\n\tat java.base/java.lang.reflect.Method.invoke(Method.java:569)\n\tat org.codehaus.groovy.runtime.callsite.PlainObjectMetaMethodSite.doInvoke(PlainObjectMetaMethodSite.java:43)\n\tat org.codehaus.groovy.runtime.callsite.PogoMetaMethodSite$PogoCachedMethodSiteNoUnwrapNoCoerce.invoke(PogoMetaMethodSite.java:198)\n\tat org.codehaus.groovy.runtime.callsite.PogoMetaMethodSite.callCurrent(PogoMetaMethodSite.java:62)\n\tat org.codehaus.groovy.runtime.callsite.AbstractCallSite.callCurrent(AbstractCallSite.java:185)\n\tat io.restassured.internal.ResponseSpecificationImpl.statusCode(ResponseSpecificationImpl.groovy:135)\n\tat io.restassured.specification.ResponseSpecification$statusCode$0.callCurrent(Unknown Source)\n\tat io.restassured.internal.ResponseSpecificationImpl.statusCode(ResponseSpecificationImpl.groovy:143)\n\tat io.restassured.internal.ValidatableResponseOptionsImpl.statusCode(ValidatableResponseOptionsImpl.java:89)\n\tat com.example.teamcity.api.requests.checked.CheckedBase.create(CheckedBase.java:25)\n\tat com.example.teamcity.ui.CreateBuildTest.userCreatesBuildStep(CreateBuildTest.java:84)\n\tat java.base/jdk.internal.reflect.NativeMethodAccessorImpl.invoke0(Native Method)\n\tat java.base/jdk.internal.reflect.NativeMethodAccessorImpl.invoke(NativeMethodAccessorImpl.java:77)\n\tat java.base/jdk.internal.reflect.DelegatingMethodAccessorImpl.invoke(DelegatingMethodAccessorImpl.java:43)\n\tat java.base/java.lang.reflect.Method.invoke(Method.java:569)\n\tat org.testng.internal.invokers.MethodInvocationHelper.invokeMethod(MethodInvocationHelper.java:141)\n\tat org.testng.internal.invokers.TestInvoker.invokeMethod(TestInvoker.java:686)\n\tat org.testng.internal.invokers.TestInvoker.invokeTestMethod(TestInvoker.java:230)\n\tat org.testng.internal.invokers.MethodRunner.runInSequence(MethodRunner.java:63)\n\tat org.testng.internal.invokers.TestInvoker$MethodInvocationAgent.invoke(TestInvoker.java:992)\n\tat org.testng.internal.invokers.TestInvoker.invokeTestMethods(TestInvoker.java:203)\n\tat org.testng.internal.invokers.TestMethodWorker.invokeTestMethods(TestMethodWorker.java:154)\n\tat org.testng.internal.invokers.TestMethodWorker.run(TestMethodWorker.java:134)\n\tat java.base/java.util.ArrayList.forEach(ArrayList.java:1511)\n\tat org.testng.TestRunner.privateRun(TestRunner.java:739)\n\tat org.testng.TestRunner.run(TestRunner.java:614)\n\tat org.testng.SuiteRunner.runTest(SuiteRunner.java:421)\n\tat org.testng.SuiteRunner.runSequentially(SuiteRunner.java:413)\n\tat org.testng.SuiteRunner.privateRun(SuiteRunner.java:373)\n\tat org.testng.SuiteRunner.run(SuiteRunner.java:312)\n\tat org.testng.SuiteRunnerWorker.runSuite(SuiteRunnerWorker.java:52)\n\tat org.testng.SuiteRunnerWorker.run(SuiteRunnerWorker.java:95)\n\tat org.testng.TestNG.runSuitesSequentially(TestNG.java:1274)\n\tat org.testng.TestNG.runSuitesLocally(TestNG.java:1208)\n\tat org.testng.TestNG.runSuites(TestNG.java:1112)\n\tat org.testng.TestNG.run(TestNG.java:1079)\n\tat org.apache.maven.surefire.testng.TestNGExecutor.run(TestNGExecutor.java:155)\n\tat org.apache.maven.surefire.testng.TestNGDirectoryTestSuite.executeMulti(TestNGDirectoryTestSuite.java:169)\n\tat org.apache.maven.surefire.testng.TestNGDirectoryTestSuite.execute(TestNGDirectoryTestSuite.java:88)\n\tat org.apache.maven.surefire.testng.TestNGProvider.invoke(TestNGProvider.java:137)\n\tat org.apache.maven.surefire.booter.ForkedBooter.runSuitesInProcess(ForkedBooter.java:385)\n\tat org.apache.maven.surefire.booter.ForkedBooter.execute(ForkedBooter.java:162)\n\tat org.apache.maven.surefire.booter.ForkedBooter.run(ForkedBooter.java:507)\n\tat org.apache.maven.surefire.booter.ForkedBooter.main(ForkedBooter.java:495)\n","flaky":false,"newFailed":true,"newBroken":false,"newPassed":false,"retriesCount":0,"retriesStatusChange":false,"beforeStages":[{"name":"beforeTest","time":{"start":1743169639053,"stop":1743169639053,"duration":0},"description":"","status":"passed","steps":[],"attachments":[],"parameters":[],"shouldDisplayMessage":false,"stepsCount":0,"attachmentsCount":0,"hasContent":false}],"testStage":{"status":"failed","statusMessage":"1 expectation failed.\nExpected status code <200> but was <500>.\n","statusTrace":"java.lang.AssertionError: 1 expectation failed.\nExpected status code <200> but was <500>.\n\n\tat java.base/jdk.internal.reflect.NativeConstructorAccessorImpl.newInstance0(Native Method)\n\tat java.base/jdk.internal.reflect.NativeConstructorAccessorImpl.newInstance(NativeConstructorAccessorImpl.java:77)\n\tat java.base/jdk.internal.reflect.DelegatingConstructorAccessorImpl.newInstance(DelegatingConstructorAccessorImpl.java:45)\n\tat java.base/java.lang.reflect.Constructor.newInstanceWithCaller(Constructor.java:500)\n\tat java.base/java.lang.reflect.Constructor.newInstance(Constructor.java:481)\n\tat org.codehaus.groovy.reflection.CachedConstructor.invoke(CachedConstructor.java:73)\n\tat org.codehaus.groovy.runtime.callsite.ConstructorSite$ConstructorSiteNoUnwrapNoCoerce.callConstructor(ConstructorSite.java:108)\n\tat org.codehaus.groovy.runtime.callsite.CallSiteArray.defaultCallConstructor(CallSiteArray.java:57)\n\tat org.codehaus.groovy.runtime.callsite.AbstractCallSite.callConstructor(AbstractCallSite.java:263)\n\tat org.codehaus.groovy.runtime.callsite.AbstractCallSite.callConstructor(AbstractCallSite.java:277)\n\tat io.restassured.internal.ResponseSpecificationImpl$HamcrestAssertionClosure.validate(ResponseSpecificationImpl.groovy:512)\n\tat io.restassured.internal.ResponseSpecificationImpl$HamcrestAssertionClosure$validate$1.call(Unknown Source)\n\tat io.restassured.internal.ResponseSpecificationImpl.validateResponseIfRequired(ResponseSpecificationImpl.groovy:696)\n\tat io.restassured.internal.ResponseSpecificationImpl.this$2$validateResponseIfRequired(ResponseSpecificationImpl.groovy)\n\tat java.base/jdk.internal.reflect.NativeMethodAccessorImpl.invoke0(Native Method)\n\tat java.base/jdk.internal.reflect.NativeMethodAccessorImpl.invoke(NativeMethodAccessorImpl.java:77)\n\tat java.base/jdk.internal.reflect.DelegatingMethodAccessorImpl.invoke(DelegatingMethodAccessorImpl.java:43)\n\tat java.base/java.lang.reflect.Method.invoke(Method.java:569)\n\tat org.codehaus.groovy.runtime.callsite.PlainObjectMetaMethodSite.doInvoke(PlainObjectMetaMethodSite.java:43)\n\tat org.codehaus.groovy.runtime.callsite.PogoMetaMethodSite$PogoCachedMethodSiteNoUnwrapNoCoerce.invoke(PogoMetaMethodSite.java:198)\n\tat org.codehaus.groovy.runtime.callsite.PogoMetaMethodSite.callCurrent(PogoMetaMethodSite.java:62)\n\tat org.codehaus.groovy.runtime.callsite.AbstractCallSite.callCurrent(AbstractCallSite.java:185)\n\tat io.restassured.internal.ResponseSpecificationImpl.statusCode(ResponseSpecificationImpl.groovy:135)\n\tat io.restassured.specification.ResponseSpecification$statusCode$0.callCurrent(Unknown Source)\n\tat io.restassured.internal.ResponseSpecificationImpl.statusCode(ResponseSpecificationImpl.groovy:143)\n\tat io.restassured.internal.ValidatableResponseOptionsImpl.statusCode(ValidatableResponseOptionsImpl.java:89)\n\tat com.example.teamcity.api.requests.checked.CheckedBase.create(CheckedBase.java:25)\n\tat com.example.teamcity.ui.CreateBuildTest.userCreatesBuildStep(CreateBuildTest.java:84)\n\tat java.base/jdk.internal.reflect.NativeMethodAccessorImpl.invoke0(Native Method)\n\tat java.base/jdk.internal.reflect.NativeMethodAccessorImpl.invoke(NativeMethodAccessorImpl.java:77)\n\tat java.base/jdk.internal.reflect.DelegatingMethodAccessorImpl.invoke(DelegatingMethodAccessorImpl.java:43)\n\tat java.base/java.lang.reflect.Method.invoke(Method.java:569)\n\tat org.testng.internal.invokers.MethodInvocationHelper.invokeMethod(MethodInvocationHelper.java:141)\n\tat org.testng.internal.invokers.TestInvoker.invokeMethod(TestInvoker.java:686)\n\tat org.testng.internal.invokers.TestInvoker.invokeTestMethod(TestInvoker.java:230)\n\tat org.testng.internal.invokers.MethodRunner.runInSequence(MethodRunner.java:63)\n\tat org.testng.internal.invokers.TestInvoker$MethodInvocationAgent.invoke(TestInvoker.java:992)\n\tat org.testng.internal.invokers.TestInvoker.invokeTestMethods(TestInvoker.java:203)\n\tat org.testng.internal.invokers.TestMethodWorker.invokeTestMethods(TestMethodWorker.java:154)\n\tat org.testng.internal.invokers.TestMethodWorker.run(TestMethodWorker.java:134)\n\tat java.base/java.util.ArrayList.forEach(ArrayList.java:1511)\n\tat org.testng.TestRunner.privateRun(TestRunner.java:739)\n\tat org.testng.TestRunner.run(TestRunner.java:614)\n\tat org.testng.SuiteRunner.runTest(SuiteRunner.java:421)\n\tat org.testng.SuiteRunner.runSequentially(SuiteRunner.java:413)\n\tat org.testng.SuiteRunner.privateRun(SuiteRunner.java:373)\n\tat org.testng.SuiteRunner.run(SuiteRunner.java:312)\n\tat org.testng.SuiteRunnerWorker.runSuite(SuiteRunnerWorker.java:52)\n\tat org.testng.SuiteRunnerWorker.run(SuiteRunnerWorker.java:95)\n\tat org.testng.TestNG.runSuitesSequentially(TestNG.java:1274)\n\tat org.testng.TestNG.runSuitesLocally(TestNG.java:1208)\n\tat org.testng.TestNG.runSuites(TestNG.java:1112)\n\tat org.testng.TestNG.run(TestNG.java:1079)\n\tat org.apache.maven.surefire.testng.TestNGExecutor.run(TestNGExecutor.java:155)\n\tat org.apache.maven.surefire.testng.TestNGDirectoryTestSuite.executeMulti(TestNGDirectoryTestSuite.java:169)\n\tat org.apache.maven.surefire.testng.TestNGDirectoryTestSuite.execute(TestNGDirectoryTestSuite.java:88)\n\tat org.apache.maven.surefire.testng.TestNGProvider.invoke(TestNGProvider.java:137)\n\tat org.apache.maven.surefire.booter.ForkedBooter.runSuitesInProcess(ForkedBooter.java:385)\n\tat org.apache.maven.surefire.booter.ForkedBooter.execute(ForkedBooter.java:162)\n\tat org.apache.maven.surefire.booter.ForkedBooter.run(ForkedBooter.java:507)\n\tat org.apache.maven.surefire.booter.ForkedBooter.main(ForkedBooter.java:495)\n","steps":[{"name":"Отправка запроса на создание сущности","time":{"start":1743169639061,"stop":1743169639164,"duration":103},"status":"passed","steps":[],"attachments":[{"uid":"a492acd4f70de056","name":"Request","source":"a492acd4f70de056.html","type":"text/html","size":935},{"uid":"858d181ee7837e2a","name":"HTTP/1.1 200 ","source":"858d181ee7837e2a.html","type":"text/html","size":2270}],"parameters":[{"name":"model","value":"Project(id=test_ZFyCDHUHwB, name=test_RkxydzUVUS, locator=null)"}],"shouldDisplayMessage":false,"stepsCount":0,"attachmentsCount":2,"hasContent":true},{"name":"Отправка запроса на создание сущности","time":{"start":1743169639172,"stop":1743169639486,"duration":314},"status":"passed","steps":[],"attachments":[{"uid":"664285ca02cd077e","name":"Request","source":"664285ca02cd077e.html","type":"text/html","size":3001},{"uid":"c617e5c6a31935fd","name":"HTTP/1.1 500 ","source":"c617e5c6a31935fd.html","type":"text/html","size":1283}],"parameters":[{"name":"model","value":"BuildType(id=test_XTFQDXtSKd, name=test_tuKEcTRwxZ, project=Project(id=test_ZFyCDHUHwB, name=test_RkxydzUVUS, locator=null), steps=Steps(count=null, step=[Step(id=null, name=null, type=simpleRunner, properties=[Property(name=script.content, value=echo 'Hello World!'), Property(name=teamcity.step.mode, value=default), Property(name=use.custom.script, value=true)])]))"}],"shouldDisplayMessage":false,"stepsCount":0,"attachmentsCount":2,"hasContent":true}],"attachments":[],"parameters":[],"shouldDisplayMessage":true,"stepsCount":2,"attachmentsCount":4,"hasContent":true},"afterStages":[{"name":"closeWebDriver","time":{"start":1743169639591,"stop":1743169639591,"duration":0},"description":"","status":"passed","steps":[{"name":"$(\"webdriver\") close()","time":{"start":1743169639591,"stop":1743169639591,"duration":0},"status":"passed","steps":[],"attachments":[],"parameters":[],"shouldDisplayMessage":false,"stepsCount":0,"attachmentsCount":0,"hasContent":false}],"attachments":[],"parameters":[],"shouldDisplayMessage":false,"stepsCount":1,"attachmentsCount":0,"hasContent":true},{"name":"afterTest","time":{"start":1743169639593,"stop":1743169639665,"duration":72},"description":"","status":"passed","steps":[{"name":"Отправка запроса на удаление  сущности","time":{"start":1743169639595,"stop":1743169639665,"duration":70},"status":"passed","steps":[],"attachments":[{"uid":"13483a6a4db238c4","name":"Request","source":"13483a6a4db238c4.html","type":"text/html","size":606},{"uid":"d6a90233229e40a2","name":"HTTP/1.1 204 ","source":"d6a90233229e40a2.html","type":"text/html","size":478}],"parameters":[{"name":"locator","value":"test_ZFyCDHUHwB"}],"shouldDisplayMessage":false,"stepsCount":0,"attachmentsCount":2,"hasContent":true}],"attachments":[],"parameters":[],"shouldDisplayMessage":false,"stepsCount":1,"attachmentsCount":2,"hasContent":true}],"labels":[{"name":"package","value":"com.example.teamcity.ui.CreateBuildTest"},{"name":"testClass","value":"com.example.teamcity.ui.CreateBuildTest"},{"name":"testMethod","value":"userCreatesBuildStep"},{"name":"parentSuite","value":"Surefire suite"},{"name":"suite","value":"Surefire test"},{"name":"subSuite","value":"com.example.teamcity.ui.CreateBuildTest"},{"name":"host","value":"fv-az1335-82"},{"name":"thread","value":"4084@fv-az1335-82.main(1)"},{"name":"framework","value":"testng"},{"name":"language","value":"java"},{"name":"resultFormat","value":"allure2"}],"parameters":[],"links":[],"hidden":false,"retry":false,"extra":{"severity":"normal","retries":[],"categories":[{"name":"Product defects","matchedStatuses":[],"flaky":false}],"history":{"statistic":{"failed":10,"broken":2,"skipped":0,"passed":10,"unknown":0,"total":22},"items":[{"uid":"e271c5f5f3c079f5","reportUrl":"https://Starford-newchapter.github.io/teamcity-testing-framework/ui/28//#testresult/e271c5f5f3c079f5","status":"broken","statusDetails":"Cannot invoke \"com.example.teamcity.api.models.build.Steps.getStep()\" because the return value of \"com.example.teamcity.api.models.build.BuildType.getSteps()\" is null","time":{"start":1743168824521,"stop":1743168824623,"duration":102}},{"uid":"4e827f7a68ff194d","reportUrl":"https://Starford-newchapter.github.io/teamcity-testing-framework/ui/27//#testresult/4e827f7a68ff194d","status":"broken","statusDetails":"Cannot invoke \"com.example.teamcity.api.models.build.Steps.getStep()\" because the return value of \"com.example.teamcity.api.models.build.BuildType.getSteps()\" is null","time":{"start":1743167800609,"stop":1743167800709,"duration":100}},{"uid":"78cc39c20fb7ed47","reportUrl":"https://Starford-newchapter.github.io/teamcity-testing-framework/ui/24//#testresult/78cc39c20fb7ed47","status":"passed","time":{"start":1743152549399,"stop":1743152562900,"duration":13501}},{"uid":"8c3ff40f9fa7e59a","reportUrl":"https://Starford-newchapter.github.io/teamcity-testing-framework/ui/24//#testresult/8c3ff40f9fa7e59a","status":"passed","time":{"start":1743151326368,"stop":1743151339796,"duration":13428}},{"uid":"b4126d727eb4ce1d","reportUrl":"https://Starford-newchapter.github.io/teamcity-testing-framework/ui/23//#testresult/b4126d727eb4ce1d","status":"passed","time":{"start":1743150662350,"stop":1743150675334,"duration":12984}},{"uid":"b21ac65f06378e15","reportUrl":"https://Starford-newchapter.github.io/teamcity-testing-framework/ui/22//#testresult/b21ac65f06378e15","status":"passed","time":{"start":1743147470663,"stop":1743147483355,"duration":12692}},{"uid":"ea07ef34afc07b9f","reportUrl":"https://Starford-newchapter.github.io/teamcity-testing-framework/ui/21//#testresult/ea07ef34afc07b9f","status":"passed","time":{"start":1743144995488,"stop":1743145008411,"duration":12923}},{"uid":"3e35f7cecdb533c8","reportUrl":"https://Starford-newchapter.github.io/teamcity-testing-framework/ui/21//#testresult/3e35f7cecdb533c8","status":"passed","time":{"start":1743144629144,"stop":1743144642434,"duration":13290}},{"uid":"ff981d56d939ae7b","reportUrl":"https://Starford-newchapter.github.io/teamcity-testing-framework/ui/20//#testresult/ff981d56d939ae7b","status":"passed","time":{"start":1743092405303,"stop":1743092418264,"duration":12961}},{"uid":"33f080eef3d7d151","reportUrl":"https://Starford-newchapter.github.io/teamcity-testing-framework/ui/18//#testresult/33f080eef3d7d151","status":"failed","statusDetails":"Element not found {.CodeMirror-lines}\nExpected: clickable: interactable and enabled\nScreenshot: file:/home/runner/work/teamcity-testing-framework/teamcity-testing-framework/build/reports/tests/1743091627845.0.png\nPage source: file:/home/runner/work/teamcity-testing-framework/teamcity-testing-framework/build/reports/tests/1743091627845.0.html\nTimeout: 4 s.\nCaused by: NoSuchElementException: no such element: Unable to locate element: {\"method\":\"css selector\",\"selector\":\".CodeMirror-lines\"}","time":{"start":1743091615526,"stop":1743091628573,"duration":13047}},{"uid":"e6526924d60b88b4","reportUrl":"https://Starford-newchapter.github.io/teamcity-testing-framework/ui/17//#testresult/e6526924d60b88b4","status":"failed","statusDetails":"Element not found {.CodeMirror-lines}\nExpected: clickable: interactable and enabled\nScreenshot: file:/home/runner/work/teamcity-testing-framework/teamcity-testing-framework/build/reports/tests/1743090983103.0.png\nPage source: file:/home/runner/work/teamcity-testing-framework/teamcity-testing-framework/build/reports/tests/1743090983103.0.html\nTimeout: 4 s.\nCaused by: NoSuchElementException: no such element: Unable to locate element: {\"method\":\"css selector\",\"selector\":\".CodeMirror-lines\"}","time":{"start":1743090970301,"stop":1743090983796,"duration":13495}},{"uid":"1aa74bc13d1d6cf0","reportUrl":"https://Starford-newchapter.github.io/teamcity-testing-framework/ui/16//#testresult/1aa74bc13d1d6cf0","status":"passed","time":{"start":1743088457664,"stop":1743088470219,"duration":12555}},{"uid":"ade0def8c9348e56","reportUrl":"https://Starford-newchapter.github.io/teamcity-testing-framework/ui/16//#testresult/ade0def8c9348e56","status":"passed","time":{"start":1743088048849,"stop":1743088061853,"duration":13004}},{"uid":"ecd0743cc5c2603c","reportUrl":"https://Starford-newchapter.github.io/teamcity-testing-framework/ui/15//#testresult/ecd0743cc5c2603c","status":"failed","statusDetails":"Element not found {.CodeMirror}\nExpected: clickable: interactable and enabled\nScreenshot: file:/home/runner/work/teamcity-testing-framework/teamcity-testing-framework/build/reports/tests/1743087361796.0.png\nPage source: file:/home/runner/work/teamcity-testing-framework/teamcity-testing-framework/build/reports/tests/1743087361796.0.html\nTimeout: 4 s.\nCaused by: NoSuchElementException: no such element: Unable to locate element: {\"method\":\"css selector\",\"selector\":\".CodeMirror\"}","time":{"start":1743087349170,"stop":1743087362499,"duration":13329}},{"uid":"5e7995da92187be4","reportUrl":"https://Starford-newchapter.github.io/teamcity-testing-framework/ui/14//#testresult/5e7995da92187be4","status":"passed","time":{"start":1743086781379,"stop":1743086793609,"duration":12230}},{"uid":"4b374868b0e4c117","reportUrl":"https://Starford-newchapter.github.io/teamcity-testing-framework/ui/13//#testresult/4b374868b0e4c117","status":"failed","statusDetails":"Element not found {input[data-test='runner-item-filter']}\nExpected: editable\nScreenshot: file:/home/runner/work/teamcity-testing-framework/teamcity-testing-framework/build/reports/tests/1743085610840.2.png\nPage source: file:/home/runner/work/teamcity-testing-framework/teamcity-testing-framework/build/reports/tests/1743085610840.2.html\nTimeout: 4 s.\nCaused by: NoSuchElementException: no such element: Unable to locate element: {\"method\":\"css selector\",\"selector\":\"input[data-test='runner-item-filter']\"}","time":{"start":1743085601102,"stop":1743085611280,"duration":10178}},{"uid":"4ab2e7f656736ff9","reportUrl":"https://Starford-newchapter.github.io/teamcity-testing-framework/ui/12//#testresult/4ab2e7f656736ff9","status":"failed","statusDetails":"Element not found {input[data-test='runner-item-filter']}\nExpected: editable\nScreenshot: file:/home/runner/work/teamcity-testing-framework/teamcity-testing-framework/build/reports/tests/1743084107218.3.png\nPage source: file:/home/runner/work/teamcity-testing-framework/teamcity-testing-framework/build/reports/tests/1743084107218.3.html\nTimeout: 4 s.\nCaused by: NoSuchElementException: no such element: Unable to locate element: {\"method\":\"css selector\",\"selector\":\"input[data-test='runner-item-filter']\"}","time":{"start":1743084097310,"stop":1743084107591,"duration":10281}},{"uid":"c39de3c93a3b9e55","reportUrl":"https://Starford-newchapter.github.io/teamcity-testing-framework/ui/12//#testresult/c39de3c93a3b9e55","status":"failed","statusDetails":"Element not found {input[data-test='runner-item-filter']}\nExpected: editable\nScreenshot: file:/home/runner/work/teamcity-testing-framework/teamcity-testing-framework/build/reports/tests/1743072294215.2.png\nPage source: file:/home/runner/work/teamcity-testing-framework/teamcity-testing-framework/build/reports/tests/1743072294215.2.html\nTimeout: 4 s.\nCaused by: NoSuchElementException: no such element: Unable to locate element: {\"method\":\"css selector\",\"selector\":\"input[data-test='runner-item-filter']\"}","time":{"start":1743072285888,"stop":1743072294614,"duration":8726}},{"uid":"638f1fb5ade3006","reportUrl":"https://Starford-newchapter.github.io/teamcity-testing-framework/ui/11//#testresult/638f1fb5ade3006","status":"failed","statusDetails":"Element not found {input[data-test='runner-item-filter']}\nExpected: editable\nScreenshot: file:/home/runner/work/teamcity-testing-framework/teamcity-testing-framework/build/reports/tests/1743070466953.2.png\nPage source: file:/home/runner/work/teamcity-testing-framework/teamcity-testing-framework/build/reports/tests/1743070466953.2.html\nTimeout: 4 s.\nCaused by: NoSuchElementException: no such element: Unable to locate element: {\"method\":\"css selector\",\"selector\":\"input[data-test='runner-item-filter']\"}","time":{"start":1743070457874,"stop":1743070467340,"duration":9466}},{"uid":"4bdb87ae330c11f8","reportUrl":"https://Starford-newchapter.github.io/teamcity-testing-framework/ui/10//#testresult/4bdb87ae330c11f8","status":"failed","statusDetails":"Element not found {input[data-test='runner-item-filter']}\nExpected: editable\nScreenshot: file:/home/runner/work/teamcity-testing-framework/teamcity-testing-framework/build/reports/tests/1743069038878.3.png\nPage source: file:/home/runner/work/teamcity-testing-framework/teamcity-testing-framework/build/reports/tests/1743069038878.3.html\nTimeout: 4 s.\nCaused by: NoSuchElementException: no such element: Unable to locate element: {\"method\":\"css selector\",\"selector\":\"input[data-test='runner-item-filter']\"}","time":{"start":1743069028809,"stop":1743069039307,"duration":10498}}]},"tags":[]},"source":"e1cdcb258dbb8b35.json","parameterValues":[]}