{"uid":"162eed9367332a87","name":"User should be able to run build  with step","fullName":"com.example.teamcity.api.BuildTypeTest.userCreatesAndRunBuildTypeWithStepTest","historyId":"9cfb9da5494555fca8659724c83fd6ed","time":{"start":1744128207164,"stop":1744128224113,"duration":16949},"status":"broken","statusMessage":"Condition with Lambda expression in com.example.teamcity.api.BuildTypeTest was not fulfilled within 15 seconds.","statusTrace":"org.awaitility.core.ConditionTimeoutException: Condition with Lambda expression in com.example.teamcity.api.BuildTypeTest was not fulfilled within 15 seconds.\n\tat org.awaitility.core.ConditionAwaiter.await(ConditionAwaiter.java:167)\n\tat org.awaitility.core.CallableCondition.await(CallableCondition.java:78)\n\tat org.awaitility.core.CallableCondition.await(CallableCondition.java:26)\n\tat org.awaitility.core.ConditionFactory.until(ConditionFactory.java:1160)\n\tat org.awaitility.core.ConditionFactory.until(ConditionFactory.java:1129)\n\tat com.example.teamcity.api.BuildTypeTest.waitUntilBuildIsFinished(BuildTypeTest.java:175)\n\tat com.example.teamcity.api.BuildTypeTest.userCreatesAndRunBuildTypeWithStepTest(BuildTypeTest.java:162)\n\tat java.base/jdk.internal.reflect.NativeMethodAccessorImpl.invoke0(Native Method)\n\tat java.base/jdk.internal.reflect.NativeMethodAccessorImpl.invoke(NativeMethodAccessorImpl.java:77)\n\tat java.base/jdk.internal.reflect.DelegatingMethodAccessorImpl.invoke(DelegatingMethodAccessorImpl.java:43)\n\tat java.base/java.lang.reflect.Method.invoke(Method.java:569)\n\tat org.testng.internal.invokers.MethodInvocationHelper.invokeMethod(MethodInvocationHelper.java:141)\n\tat org.testng.internal.invokers.TestInvoker.invokeMethod(TestInvoker.java:686)\n\tat org.testng.internal.invokers.TestInvoker.invokeTestMethod(TestInvoker.java:230)\n\tat org.testng.internal.invokers.MethodRunner.runInSequence(MethodRunner.java:63)\n\tat org.testng.internal.invokers.TestInvoker$MethodInvocationAgent.invoke(TestInvoker.java:992)\n\tat org.testng.internal.invokers.TestInvoker.invokeTestMethods(TestInvoker.java:203)\n\tat org.testng.internal.invokers.TestMethodWorker.invokeTestMethods(TestMethodWorker.java:154)\n\tat org.testng.internal.invokers.TestMethodWorker.run(TestMethodWorker.java:134)\n\tat java.base/java.util.ArrayList.forEach(ArrayList.java:1511)\n\tat org.testng.TestRunner.privateRun(TestRunner.java:739)\n\tat org.testng.TestRunner.run(TestRunner.java:614)\n\tat org.testng.SuiteRunner.runTest(SuiteRunner.java:421)\n\tat org.testng.SuiteRunner.runSequentially(SuiteRunner.java:413)\n\tat org.testng.SuiteRunner.privateRun(SuiteRunner.java:373)\n\tat org.testng.SuiteRunner.run(SuiteRunner.java:312)\n\tat org.testng.SuiteRunnerWorker.runSuite(SuiteRunnerWorker.java:52)\n\tat org.testng.SuiteRunnerWorker.run(SuiteRunnerWorker.java:95)\n\tat org.testng.TestNG.runSuitesSequentially(TestNG.java:1274)\n\tat org.testng.TestNG.runSuitesLocally(TestNG.java:1208)\n\tat org.testng.TestNG.runSuites(TestNG.java:1112)\n\tat org.testng.TestNG.run(TestNG.java:1079)\n\tat org.apache.maven.surefire.testng.TestNGExecutor.run(TestNGExecutor.java:155)\n\tat org.apache.maven.surefire.testng.TestNGDirectoryTestSuite.executeMulti(TestNGDirectoryTestSuite.java:169)\n\tat org.apache.maven.surefire.testng.TestNGDirectoryTestSuite.execute(TestNGDirectoryTestSuite.java:88)\n\tat org.apache.maven.surefire.testng.TestNGProvider.invoke(TestNGProvider.java:137)\n\tat org.apache.maven.surefire.booter.ForkedBooter.runSuitesInProcess(ForkedBooter.java:385)\n\tat org.apache.maven.surefire.booter.ForkedBooter.execute(ForkedBooter.java:162)\n\tat org.apache.maven.surefire.booter.ForkedBooter.run(ForkedBooter.java:507)\n\tat org.apache.maven.surefire.booter.ForkedBooter.main(ForkedBooter.java:495)\n","flaky":false,"newFailed":false,"newBroken":false,"newPassed":false,"retriesCount":0,"retriesStatusChange":false,"beforeStages":[{"name":"beforeTest","time":{"start":1744128207160,"stop":1744128207162,"duration":2},"description":"","status":"passed","steps":[],"attachments":[],"parameters":[],"shouldDisplayMessage":false,"stepsCount":0,"attachmentsCount":0,"hasContent":false}],"testStage":{"status":"broken","statusMessage":"Condition with Lambda expression in com.example.teamcity.api.BuildTypeTest was not fulfilled within 15 seconds.","statusTrace":"org.awaitility.core.ConditionTimeoutException: Condition with Lambda expression in com.example.teamcity.api.BuildTypeTest was not fulfilled within 15 seconds.\n\tat org.awaitility.core.ConditionAwaiter.await(ConditionAwaiter.java:167)\n\tat org.awaitility.core.CallableCondition.await(CallableCondition.java:78)\n\tat org.awaitility.core.CallableCondition.await(CallableCondition.java:26)\n\tat org.awaitility.core.ConditionFactory.until(ConditionFactory.java:1160)\n\tat org.awaitility.core.ConditionFactory.until(ConditionFactory.java:1129)\n\tat com.example.teamcity.api.BuildTypeTest.waitUntilBuildIsFinished(BuildTypeTest.java:175)\n\tat com.example.teamcity.api.BuildTypeTest.userCreatesAndRunBuildTypeWithStepTest(BuildTypeTest.java:162)\n\tat java.base/jdk.internal.reflect.NativeMethodAccessorImpl.invoke0(Native Method)\n\tat java.base/jdk.internal.reflect.NativeMethodAccessorImpl.invoke(NativeMethodAccessorImpl.java:77)\n\tat java.base/jdk.internal.reflect.DelegatingMethodAccessorImpl.invoke(DelegatingMethodAccessorImpl.java:43)\n\tat java.base/java.lang.reflect.Method.invoke(Method.java:569)\n\tat org.testng.internal.invokers.MethodInvocationHelper.invokeMethod(MethodInvocationHelper.java:141)\n\tat org.testng.internal.invokers.TestInvoker.invokeMethod(TestInvoker.java:686)\n\tat org.testng.internal.invokers.TestInvoker.invokeTestMethod(TestInvoker.java:230)\n\tat org.testng.internal.invokers.MethodRunner.runInSequence(MethodRunner.java:63)\n\tat org.testng.internal.invokers.TestInvoker$MethodInvocationAgent.invoke(TestInvoker.java:992)\n\tat org.testng.internal.invokers.TestInvoker.invokeTestMethods(TestInvoker.java:203)\n\tat org.testng.internal.invokers.TestMethodWorker.invokeTestMethods(TestMethodWorker.java:154)\n\tat org.testng.internal.invokers.TestMethodWorker.run(TestMethodWorker.java:134)\n\tat java.base/java.util.ArrayList.forEach(ArrayList.java:1511)\n\tat org.testng.TestRunner.privateRun(TestRunner.java:739)\n\tat org.testng.TestRunner.run(TestRunner.java:614)\n\tat org.testng.SuiteRunner.runTest(SuiteRunner.java:421)\n\tat org.testng.SuiteRunner.runSequentially(SuiteRunner.java:413)\n\tat org.testng.SuiteRunner.privateRun(SuiteRunner.java:373)\n\tat org.testng.SuiteRunner.run(SuiteRunner.java:312)\n\tat org.testng.SuiteRunnerWorker.runSuite(SuiteRunnerWorker.java:52)\n\tat org.testng.SuiteRunnerWorker.run(SuiteRunnerWorker.java:95)\n\tat org.testng.TestNG.runSuitesSequentially(TestNG.java:1274)\n\tat org.testng.TestNG.runSuitesLocally(TestNG.java:1208)\n\tat org.testng.TestNG.runSuites(TestNG.java:1112)\n\tat org.testng.TestNG.run(TestNG.java:1079)\n\tat org.apache.maven.surefire.testng.TestNGExecutor.run(TestNGExecutor.java:155)\n\tat org.apache.maven.surefire.testng.TestNGDirectoryTestSuite.executeMulti(TestNGDirectoryTestSuite.java:169)\n\tat org.apache.maven.surefire.testng.TestNGDirectoryTestSuite.execute(TestNGDirectoryTestSuite.java:88)\n\tat org.apache.maven.surefire.testng.TestNGProvider.invoke(TestNGProvider.java:137)\n\tat org.apache.maven.surefire.booter.ForkedBooter.runSuitesInProcess(ForkedBooter.java:385)\n\tat org.apache.maven.surefire.booter.ForkedBooter.execute(ForkedBooter.java:162)\n\tat org.apache.maven.surefire.booter.ForkedBooter.run(ForkedBooter.java:507)\n\tat org.apache.maven.surefire.booter.ForkedBooter.main(ForkedBooter.java:495)\n","steps":[{"name":"Create project","time":{"start":1744128207164,"stop":1744128207294,"duration":130},"status":"passed","steps":[{"name":"Отправка запроса на создание сущности","time":{"start":1744128207165,"stop":1744128207286,"duration":121},"status":"passed","steps":[],"attachments":[{"uid":"5cdf0392ccb789bd","name":"Request","source":"5cdf0392ccb789bd.html","type":"text/html","size":1357},{"uid":"bbb9a7442be17298","name":"HTTP/1.1 200 ","source":"bbb9a7442be17298.html","type":"text/html","size":2124}],"parameters":[{"name":"model","value":"User(id=null, username=test_eWjhxWiWQz, password=test_HlTMhiLBQM, roles=Roles(role=[Role(roleId=SYSTEM_ADMIN, scope=g)]))"}],"shouldDisplayMessage":false,"stepsCount":0,"attachmentsCount":2,"hasContent":true}],"attachments":[],"parameters":[],"shouldDisplayMessage":false,"stepsCount":1,"attachmentsCount":2,"hasContent":true},{"name":"Create project","time":{"start":1744128207295,"stop":1744128207396,"duration":101},"status":"passed","steps":[{"name":"Отправка запроса на создание сущности","time":{"start":1744128207295,"stop":1744128207390,"duration":95},"status":"passed","steps":[],"attachments":[{"uid":"b061267055639e73","name":"Request","source":"b061267055639e73.html","type":"text/html","size":935},{"uid":"903c0f132f2ed797","name":"HTTP/1.1 200 ","source":"903c0f132f2ed797.html","type":"text/html","size":2270}],"parameters":[{"name":"model","value":"Project(id=test_QKlXzRgILF, name=test_mJTfPDhoUA, locator=null)"}],"shouldDisplayMessage":false,"stepsCount":0,"attachmentsCount":2,"hasContent":true}],"attachments":[],"parameters":[],"shouldDisplayMessage":false,"stepsCount":1,"attachmentsCount":2,"hasContent":true},{"name":"Create build with step CommandLine","time":{"start":1744128207396,"stop":1744128207554,"duration":158},"status":"passed","steps":[{"name":"Отправка запроса на создание сущности","time":{"start":1744128207397,"stop":1744128207550,"duration":153},"status":"passed","steps":[],"attachments":[{"uid":"3758173a3f643cf2","name":"Request","source":"3758173a3f643cf2.html","type":"text/html","size":2737},{"uid":"cc519be221e8a652","name":"HTTP/1.1 200 ","source":"cc519be221e8a652.html","type":"text/html","size":3819}],"parameters":[{"name":"model","value":"BuildType(id=test_fLKvGfwipJ, name=test_AWJUZZDZXG, project=Project(id=test_QKlXzRgILF, name=test_mJTfPDhoUA, locator=null), steps=Steps(step=[Step(name=test_kGISjSfNIb, type=simpleRunner, properties=Properties(property=[Property(name=script.content, value=echo 'Hello World!'), Property(name=use.custom.script, value=true)]))]))"}],"shouldDisplayMessage":false,"stepsCount":0,"attachmentsCount":2,"hasContent":true}],"attachments":[],"parameters":[],"shouldDisplayMessage":false,"stepsCount":1,"attachmentsCount":2,"hasContent":true},{"name":"Отправка запроса на создание сущности","time":{"start":1744128207559,"stop":1744128208472,"duration":913},"status":"passed","steps":[],"attachments":[{"uid":"94134ac53d286427","name":"Request","source":"94134ac53d286427.html","type":"text/html","size":3133},{"uid":"b9cfc159ade86b30","name":"HTTP/1.1 200 ","source":"b9cfc159ade86b30.html","type":"text/html","size":2302}],"parameters":[{"name":"model","value":"Build(id=null, buildType=BuildType(id=test_fLKvGfwipJ, name=test_AWJUZZDZXG, project=Project(id=test_QKlXzRgILF, name=test_mJTfPDhoUA, locator=null), steps=Steps(step=[Step(name=test_kGISjSfNIb, type=simpleRunner, properties=Properties(property=[Property(name=script.content, value=echo 'Hello World!'), Property(name=use.custom.script, value=true)]))])), state=null, status=null)"}],"shouldDisplayMessage":false,"stepsCount":0,"attachmentsCount":2,"hasContent":true},{"name":"Wait until build is finished","time":{"start":1744128208488,"stop":1744128224112,"duration":15624},"status":"broken","statusMessage":"Condition with Lambda expression in com.example.teamcity.api.BuildTypeTest was not fulfilled within 15 seconds.","statusTrace":"org.awaitility.core.ConditionTimeoutException: Condition with Lambda expression in com.example.teamcity.api.BuildTypeTest was not fulfilled within 15 seconds.\n\tat org.awaitility.core.ConditionAwaiter.await(ConditionAwaiter.java:167)\n\tat org.awaitility.core.CallableCondition.await(CallableCondition.java:78)\n\tat org.awaitility.core.CallableCondition.await(CallableCondition.java:26)\n\tat org.awaitility.core.ConditionFactory.until(ConditionFactory.java:1160)\n\tat org.awaitility.core.ConditionFactory.until(ConditionFactory.java:1129)\n\tat com.example.teamcity.api.BuildTypeTest.waitUntilBuildIsFinished(BuildTypeTest.java:175)\n\tat com.example.teamcity.api.BuildTypeTest.userCreatesAndRunBuildTypeWithStepTest(BuildTypeTest.java:162)\n\tat java.base/jdk.internal.reflect.NativeMethodAccessorImpl.invoke0(Native Method)\n\tat java.base/jdk.internal.reflect.NativeMethodAccessorImpl.invoke(NativeMethodAccessorImpl.java:77)\n\tat java.base/jdk.internal.reflect.DelegatingMethodAccessorImpl.invoke(DelegatingMethodAccessorImpl.java:43)\n\tat java.base/java.lang.reflect.Method.invoke(Method.java:569)\n\tat org.testng.internal.invokers.MethodInvocationHelper.invokeMethod(MethodInvocationHelper.java:141)\n\tat org.testng.internal.invokers.TestInvoker.invokeMethod(TestInvoker.java:686)\n\tat org.testng.internal.invokers.TestInvoker.invokeTestMethod(TestInvoker.java:230)\n\tat org.testng.internal.invokers.MethodRunner.runInSequence(MethodRunner.java:63)\n\tat org.testng.internal.invokers.TestInvoker$MethodInvocationAgent.invoke(TestInvoker.java:992)\n\tat org.testng.internal.invokers.TestInvoker.invokeTestMethods(TestInvoker.java:203)\n\tat org.testng.internal.invokers.TestMethodWorker.invokeTestMethods(TestMethodWorker.java:154)\n\tat org.testng.internal.invokers.TestMethodWorker.run(TestMethodWorker.java:134)\n\tat java.base/java.util.ArrayList.forEach(ArrayList.java:1511)\n\tat org.testng.TestRunner.privateRun(TestRunner.java:739)\n\tat org.testng.TestRunner.run(TestRunner.java:614)\n\tat org.testng.SuiteRunner.runTest(SuiteRunner.java:421)\n\tat org.testng.SuiteRunner.runSequentially(SuiteRunner.java:413)\n\tat org.testng.SuiteRunner.privateRun(SuiteRunner.java:373)\n\tat org.testng.SuiteRunner.run(SuiteRunner.java:312)\n\tat org.testng.SuiteRunnerWorker.runSuite(SuiteRunnerWorker.java:52)\n\tat org.testng.SuiteRunnerWorker.run(SuiteRunnerWorker.java:95)\n\tat org.testng.TestNG.runSuitesSequentially(TestNG.java:1274)\n\tat org.testng.TestNG.runSuitesLocally(TestNG.java:1208)\n\tat org.testng.TestNG.runSuites(TestNG.java:1112)\n\tat org.testng.TestNG.run(TestNG.java:1079)\n\tat org.apache.maven.surefire.testng.TestNGExecutor.run(TestNGExecutor.java:155)\n\tat org.apache.maven.surefire.testng.TestNGDirectoryTestSuite.executeMulti(TestNGDirectoryTestSuite.java:169)\n\tat org.apache.maven.surefire.testng.TestNGDirectoryTestSuite.execute(TestNGDirectoryTestSuite.java:88)\n\tat org.apache.maven.surefire.testng.TestNGProvider.invoke(TestNGProvider.java:137)\n\tat org.apache.maven.surefire.booter.ForkedBooter.runSuitesInProcess(ForkedBooter.java:385)\n\tat org.apache.maven.surefire.booter.ForkedBooter.execute(ForkedBooter.java:162)\n\tat org.apache.maven.surefire.booter.ForkedBooter.run(ForkedBooter.java:507)\n\tat org.apache.maven.surefire.booter.ForkedBooter.main(ForkedBooter.java:495)\n","steps":[{"name":"Отправка запроса на получение данных о сущности","time":{"start":1744128211513,"stop":1744128211674,"duration":161},"status":"passed","steps":[],"attachments":[{"uid":"480d9f5c817a40a9","name":"Request","source":"480d9f5c817a40a9.html","type":"text/html","size":518},{"uid":"38126509ab335cbf","name":"HTTP/1.1 200 ","source":"38126509ab335cbf.html","type":"text/html","size":2311}],"parameters":[{"name":"locator","value":"id:1"}],"shouldDisplayMessage":false,"stepsCount":0,"attachmentsCount":2,"hasContent":true},{"name":"Отправка запроса на получение данных о сущности","time":{"start":1744128214686,"stop":1744128214855,"duration":169},"status":"passed","steps":[],"attachments":[{"uid":"6453dde11bd81b51","name":"Request","source":"6453dde11bd81b51.html","type":"text/html","size":518},{"uid":"effb996c1ca972d4","name":"HTTP/1.1 200 ","source":"effb996c1ca972d4.html","type":"text/html","size":2311}],"parameters":[{"name":"locator","value":"id:1"}],"shouldDisplayMessage":false,"stepsCount":0,"attachmentsCount":2,"hasContent":true},{"name":"Отправка запроса на получение данных о сущности","time":{"start":1744128217868,"stop":1744128217970,"duration":102},"status":"passed","steps":[],"attachments":[{"uid":"b0a94eb9fe1aedef","name":"Request","source":"b0a94eb9fe1aedef.html","type":"text/html","size":518},{"uid":"9f7be838eac01b9c","name":"HTTP/1.1 200 ","source":"9f7be838eac01b9c.html","type":"text/html","size":2311}],"parameters":[{"name":"locator","value":"id:1"}],"shouldDisplayMessage":false,"stepsCount":0,"attachmentsCount":2,"hasContent":true},{"name":"Отправка запроса на получение данных о сущности","time":{"start":1744128220983,"stop":1744128221094,"duration":111},"status":"passed","steps":[],"attachments":[{"uid":"7b3ff46c462d7f0b","name":"Request","source":"7b3ff46c462d7f0b.html","type":"text/html","size":518},{"uid":"8693be2dc499ee07","name":"HTTP/1.1 200 ","source":"8693be2dc499ee07.html","type":"text/html","size":2311}],"parameters":[{"name":"locator","value":"id:1"}],"shouldDisplayMessage":false,"stepsCount":0,"attachmentsCount":2,"hasContent":true}],"attachments":[],"parameters":[{"name":"build","value":"Build(id=1, buildType=BuildType(id=test_fLKvGfwipJ, name=test_AWJUZZDZXG, project=null, steps=null), state=queued, status=null)"}],"shouldDisplayMessage":true,"stepsCount":4,"attachmentsCount":8,"hasContent":true}],"attachments":[],"parameters":[],"shouldDisplayMessage":false,"stepsCount":12,"attachmentsCount":16,"hasContent":true},"afterStages":[{"name":"afterTest","time":{"start":1744128224118,"stop":1744128224331,"duration":213},"description":"","status":"passed","steps":[{"name":"Отправка запроса на удаление  сущности","time":{"start":1744128224119,"stop":1744128224166,"duration":47},"status":"passed","steps":[],"attachments":[{"uid":"feb3d1cb20dca885","name":"Request","source":"feb3d1cb20dca885.html","type":"text/html","size":610},{"uid":"8692a16593fd36e","name":"HTTP/1.1 204 ","source":"8692a16593fd36e.html","type":"text/html","size":478}],"parameters":[{"name":"locator","value":"test_fLKvGfwipJ"}],"shouldDisplayMessage":false,"stepsCount":0,"attachmentsCount":2,"hasContent":true},{"name":"Отправка запроса на удаление  сущности","time":{"start":1744128224167,"stop":1744128224225,"duration":58},"status":"passed","steps":[],"attachments":[{"uid":"c02bb2c5f39ca837","name":"Request","source":"c02bb2c5f39ca837.html","type":"text/html","size":582},{"uid":"9d4ad36759eb6e13","name":"HTTP/1.1 404 ","source":"9d4ad36759eb6e13.html","type":"text/html","size":858}],"parameters":[{"name":"locator","value":"1"}],"shouldDisplayMessage":false,"stepsCount":0,"attachmentsCount":2,"hasContent":true},{"name":"Отправка запроса на удаление  сущности","time":{"start":1744128224226,"stop":1744128224263,"duration":37},"status":"passed","steps":[],"attachments":[{"uid":"f880cb80f56e6dce","name":"Request","source":"f880cb80f56e6dce.html","type":"text/html","size":572},{"uid":"edcc75b80f2576cb","name":"HTTP/1.1 404 ","source":"edcc75b80f2576cb.html","type":"text/html","size":823}],"parameters":[{"name":"locator","value":"4"}],"shouldDisplayMessage":false,"stepsCount":0,"attachmentsCount":2,"hasContent":true},{"name":"Отправка запроса на удаление  сущности","time":{"start":1744128224264,"stop":1744128224331,"duration":67},"status":"passed","steps":[],"attachments":[{"uid":"dfcc1b903ec43770","name":"Request","source":"dfcc1b903ec43770.html","type":"text/html","size":606},{"uid":"efcd17928557d6ee","name":"HTTP/1.1 204 ","source":"efcd17928557d6ee.html","type":"text/html","size":478}],"parameters":[{"name":"locator","value":"test_QKlXzRgILF"}],"shouldDisplayMessage":false,"stepsCount":0,"attachmentsCount":2,"hasContent":true}],"attachments":[],"parameters":[],"shouldDisplayMessage":false,"stepsCount":4,"attachmentsCount":8,"hasContent":true}],"labels":[{"name":"package","value":"com.example.teamcity.api.BuildTypeTest"},{"name":"testClass","value":"com.example.teamcity.api.BuildTypeTest"},{"name":"testMethod","value":"userCreatesAndRunBuildTypeWithStepTest"},{"name":"parentSuite","value":"Surefire suite"},{"name":"suite","value":"Surefire test"},{"name":"subSuite","value":"com.example.teamcity.api.BuildTypeTest"},{"name":"host","value":"fv-az2207-973"},{"name":"thread","value":"4164@fv-az2207-973.main(1)"},{"name":"framework","value":"testng"},{"name":"language","value":"java"},{"name":"resultFormat","value":"allure2"}],"parameters":[],"links":[],"hidden":false,"retry":false,"extra":{"severity":"normal","retries":[],"categories":[{"name":"Test defects","matchedStatuses":[],"flaky":false}],"tags":[]},"source":"162eed9367332a87.json","parameterValues":[]}